This is pdfTeX, Version 3.14159265-2.6-1.40.20 (TeX Live 2019) (preloaded format=pdflatex 2020.3.21)  20 NOV 2020 19:48
entering extended mode
 restricted \write18 enabled.
 %&-line parsing enabled.
**VAR_Primer_Slides.tex
(./VAR_Primer_Slides.tex
LaTeX2e <2018-12-01>
(/usr/local/texlive/2019/texmf-dist/tex/latex/beamer/beamer.cls
Document Class: beamer 2018/12/02 v3.55 A class for typesetting presentations
(/usr/local/texlive/2019/texmf-dist/tex/latex/beamer/beamerbasemodes.sty
(/usr/local/texlive/2019/texmf-dist/tex/latex/etoolbox/etoolbox.sty
Package: etoolbox 2018/08/19 v2.5f e-TeX tools for LaTeX (JAW)
\etb@tempcnta=\count80
)
\beamer@tempbox=\box27
\beamer@tempcount=\count81
\c@beamerpauses=\count82

(/usr/local/texlive/2019/texmf-dist/tex/latex/beamer/beamerbasedecode.sty
\beamer@slideinframe=\count83
\beamer@minimum=\count84
)
\beamer@commentbox=\box28
\beamer@modecount=\count85
)
(/usr/local/texlive/2019/texmf-dist/tex/generic/oberdiek/ifpdf.sty
Package: ifpdf 2018/09/07 v3.3 Provides the ifpdf switch
)
\headdp=\dimen102
\footheight=\dimen103
\sidebarheight=\dimen104
\beamer@tempdim=\dimen105
\beamer@finalheight=\dimen106
\beamer@animht=\dimen107
\beamer@animdp=\dimen108
\beamer@animwd=\dimen109
\beamer@leftmargin=\dimen110
\beamer@rightmargin=\dimen111
\beamer@leftsidebar=\dimen112
\beamer@rightsidebar=\dimen113
\beamer@boxsize=\dimen114
\beamer@vboxoffset=\dimen115
\beamer@descdefault=\dimen116
\beamer@descriptionwidth=\dimen117
\beamer@lastskip=\skip41
\beamer@areabox=\box29
\beamer@animcurrent=\box30
\beamer@animshowbox=\box31
\beamer@sectionbox=\box32
\beamer@logobox=\box33
\beamer@linebox=\box34
\beamer@sectioncount=\count86
\beamer@subsubsectionmax=\count87
\beamer@subsectionmax=\count88
\beamer@sectionmax=\count89
\beamer@totalheads=\count90
\beamer@headcounter=\count91
\beamer@partstartpage=\count92
\beamer@sectionstartpage=\count93
\beamer@subsectionstartpage=\count94
\beamer@animationtempa=\count95
\beamer@animationtempb=\count96
\beamer@xpos=\count97
\beamer@ypos=\count98
\beamer@ypos@offset=\count99
\beamer@showpartnumber=\count100
\beamer@currentsubsection=\count101
\beamer@coveringdepth=\count102
\beamer@sectionadjust=\count103
\beamer@tocsectionnumber=\count104

(/usr/local/texlive/2019/texmf-dist/tex/latex/beamer/beamerbaseoptions.sty
(/usr/local/texlive/2019/texmf-dist/tex/latex/graphics/keyval.sty
Package: keyval 2014/10/28 v1.15 key=value parser (DPC)
\KV@toks@=\toks14
))
\beamer@paperwidth=\skip42
\beamer@paperheight=\skip43

(/usr/local/texlive/2019/texmf-dist/tex/latex/geometry/geometry.sty
Package: geometry 2018/04/16 v5.8 Page Geometry

(/usr/local/texlive/2019/texmf-dist/tex/generic/oberdiek/ifvtex.sty
Package: ifvtex 2016/05/16 v1.6 Detect VTeX and its facilities (HO)
Package ifvtex Info: VTeX not detected.
)
(/usr/local/texlive/2019/texmf-dist/tex/generic/ifxetex/ifxetex.sty
Package: ifxetex 2010/09/12 v0.6 Provides ifxetex conditional
)
\Gm@cnth=\count105
\Gm@cntv=\count106
\c@Gm@tempcnt=\count107
\Gm@bindingoffset=\dimen118
\Gm@wd@mp=\dimen119
\Gm@odd@mp=\dimen120
\Gm@even@mp=\dimen121
\Gm@layoutwidth=\dimen122
\Gm@layoutheight=\dimen123
\Gm@layouthoffset=\dimen124
\Gm@layoutvoffset=\dimen125
\Gm@dimlist=\toks15
)
(/usr/local/texlive/2019/texmf-dist/tex/latex/base/size10.clo
File: size10.clo 2018/09/03 v1.4i Standard LaTeX file (size option)
)
(/usr/local/texlive/2019/texmf-dist/tex/latex/pgf/basiclayer/pgfcore.sty
(/usr/local/texlive/2019/texmf-dist/tex/latex/graphics/graphicx.sty
Package: graphicx 2017/06/01 v1.1a Enhanced LaTeX Graphics (DPC,SPQR)

(/usr/local/texlive/2019/texmf-dist/tex/latex/graphics/graphics.sty
Package: graphics 2017/06/25 v1.2c Standard LaTeX Graphics (DPC,SPQR)

(/usr/local/texlive/2019/texmf-dist/tex/latex/graphics/trig.sty
Package: trig 2016/01/03 v1.10 sin cos tan (DPC)
)
(/usr/local/texlive/2019/texmf-dist/tex/latex/graphics-cfg/graphics.cfg
File: graphics.cfg 2016/06/04 v1.11 sample graphics configuration
)
Package graphics Info: Driver file: pdftex.def on input line 99.

(/usr/local/texlive/2019/texmf-dist/tex/latex/graphics-def/pdftex.def
File: pdftex.def 2018/01/08 v1.0l Graphics/color driver for pdftex
))
\Gin@req@height=\dimen126
\Gin@req@width=\dimen127
)
(/usr/local/texlive/2019/texmf-dist/tex/latex/pgf/systemlayer/pgfsys.sty
(/usr/local/texlive/2019/texmf-dist/tex/latex/pgf/utilities/pgfrcs.sty
(/usr/local/texlive/2019/texmf-dist/tex/generic/pgf/utilities/pgfutil-common.te
x
\pgfutil@everybye=\toks16
\pgfutil@tempdima=\dimen128
\pgfutil@tempdimb=\dimen129

(/usr/local/texlive/2019/texmf-dist/tex/generic/pgf/utilities/pgfutil-common-li
sts.tex))
(/usr/local/texlive/2019/texmf-dist/tex/generic/pgf/utilities/pgfutil-latex.def
\pgfutil@abb=\box35
(/usr/local/texlive/2019/texmf-dist/tex/latex/ms/everyshi.sty
Package: everyshi 2001/05/15 v3.00 EveryShipout Package (MS)
))
(/usr/local/texlive/2019/texmf-dist/tex/generic/pgf/utilities/pgfrcs.code.tex
(/usr/local/texlive/2019/texmf-dist/tex/generic/pgf/pgf.revision.tex)
Package: pgfrcs 2019/04/04 v3.1.2 (3.1.2)
))
(/usr/local/texlive/2019/texmf-dist/tex/generic/pgf/systemlayer/pgfsys.code.tex
Package: pgfsys 2019/04/04 v3.1.2 (3.1.2)
(/usr/local/texlive/2019/texmf-dist/tex/generic/pgf/utilities/pgfkeys.code.tex
\pgfkeys@pathtoks=\toks17
\pgfkeys@temptoks=\toks18

(/usr/local/texlive/2019/texmf-dist/tex/generic/pgf/utilities/pgfkeysfiltered.c
ode.tex
\pgfkeys@tmptoks=\toks19
))
\pgf@x=\dimen130
\pgf@y=\dimen131
\pgf@xa=\dimen132
\pgf@ya=\dimen133
\pgf@xb=\dimen134
\pgf@yb=\dimen135
\pgf@xc=\dimen136
\pgf@yc=\dimen137
\w@pgf@writea=\write3
\r@pgf@reada=\read1
\c@pgf@counta=\count108
\c@pgf@countb=\count109
\c@pgf@countc=\count110
\c@pgf@countd=\count111
\t@pgf@toka=\toks20
\t@pgf@tokb=\toks21
\t@pgf@tokc=\toks22
\pgf@sys@id@count=\count112

(/usr/local/texlive/2019/texmf-dist/tex/generic/pgf/systemlayer/pgf.cfg
File: pgf.cfg 2019/04/04 v3.1.2 (3.1.2)
)
Driver file for pgf: pgfsys-pdftex.def

(/usr/local/texlive/2019/texmf-dist/tex/generic/pgf/systemlayer/pgfsys-pdftex.d
ef
File: pgfsys-pdftex.def 2019/04/04 v3.1.2 (3.1.2)

(/usr/local/texlive/2019/texmf-dist/tex/generic/pgf/systemlayer/pgfsys-common-p
df.def
File: pgfsys-common-pdf.def 2019/04/04 v3.1.2 (3.1.2)
)))
(/usr/local/texlive/2019/texmf-dist/tex/generic/pgf/systemlayer/pgfsyssoftpath.
code.tex
File: pgfsyssoftpath.code.tex 2019/04/04 v3.1.2 (3.1.2)
\pgfsyssoftpath@smallbuffer@items=\count113
\pgfsyssoftpath@bigbuffer@items=\count114
)
(/usr/local/texlive/2019/texmf-dist/tex/generic/pgf/systemlayer/pgfsysprotocol.
code.tex
File: pgfsysprotocol.code.tex 2019/04/04 v3.1.2 (3.1.2)
)) (/usr/local/texlive/2019/texmf-dist/tex/latex/xcolor/xcolor.sty
Package: xcolor 2016/05/11 v2.12 LaTeX color extensions (UK)

(/usr/local/texlive/2019/texmf-dist/tex/latex/graphics-cfg/color.cfg
File: color.cfg 2016/01/02 v1.6 sample color configuration
)
Package xcolor Info: Driver file: pdftex.def on input line 225.
Package xcolor Info: Model `cmy' substituted by `cmy0' on input line 1348.
Package xcolor Info: Model `hsb' substituted by `rgb' on input line 1352.
Package xcolor Info: Model `RGB' extended on input line 1364.
Package xcolor Info: Model `HTML' substituted by `rgb' on input line 1366.
Package xcolor Info: Model `Hsb' substituted by `hsb' on input line 1367.
Package xcolor Info: Model `tHsb' substituted by `hsb' on input line 1368.
Package xcolor Info: Model `HSB' substituted by `hsb' on input line 1369.
Package xcolor Info: Model `Gray' substituted by `gray' on input line 1370.
Package xcolor Info: Model `wave' substituted by `hsb' on input line 1371.
)
(/usr/local/texlive/2019/texmf-dist/tex/generic/pgf/basiclayer/pgfcore.code.tex
Package: pgfcore 2019/04/04 v3.1.2 (3.1.2)
(/usr/local/texlive/2019/texmf-dist/tex/generic/pgf/math/pgfmath.code.tex
(/usr/local/texlive/2019/texmf-dist/tex/generic/pgf/math/pgfmathcalc.code.tex
(/usr/local/texlive/2019/texmf-dist/tex/generic/pgf/math/pgfmathutil.code.tex)
(/usr/local/texlive/2019/texmf-dist/tex/generic/pgf/math/pgfmathparser.code.tex
\pgfmath@dimen=\dimen138
\pgfmath@count=\count115
\pgfmath@box=\box36
\pgfmath@toks=\toks23
\pgfmath@stack@operand=\toks24
\pgfmath@stack@operation=\toks25
)
(/usr/local/texlive/2019/texmf-dist/tex/generic/pgf/math/pgfmathfunctions.code.
tex
(/usr/local/texlive/2019/texmf-dist/tex/generic/pgf/math/pgfmathfunctions.basic
.code.tex)
(/usr/local/texlive/2019/texmf-dist/tex/generic/pgf/math/pgfmathfunctions.trigo
nometric.code.tex)
(/usr/local/texlive/2019/texmf-dist/tex/generic/pgf/math/pgfmathfunctions.rando
m.code.tex)
(/usr/local/texlive/2019/texmf-dist/tex/generic/pgf/math/pgfmathfunctions.compa
rison.code.tex)
(/usr/local/texlive/2019/texmf-dist/tex/generic/pgf/math/pgfmathfunctions.base.
code.tex)
(/usr/local/texlive/2019/texmf-dist/tex/generic/pgf/math/pgfmathfunctions.round
.code.tex)
(/usr/local/texlive/2019/texmf-dist/tex/generic/pgf/math/pgfmathfunctions.misc.
code.tex)
(/usr/local/texlive/2019/texmf-dist/tex/generic/pgf/math/pgfmathfunctions.integ
erarithmetics.code.tex)))
(/usr/local/texlive/2019/texmf-dist/tex/generic/pgf/math/pgfmathfloat.code.tex
\c@pgfmathroundto@lastzeros=\count116
))
(/usr/local/texlive/2019/texmf-dist/tex/generic/pgf/basiclayer/pgfcorepoints.co
de.tex
File: pgfcorepoints.code.tex 2019/04/04 v3.1.2 (3.1.2)
\pgf@picminx=\dimen139
\pgf@picmaxx=\dimen140
\pgf@picminy=\dimen141
\pgf@picmaxy=\dimen142
\pgf@pathminx=\dimen143
\pgf@pathmaxx=\dimen144
\pgf@pathminy=\dimen145
\pgf@pathmaxy=\dimen146
\pgf@xx=\dimen147
\pgf@xy=\dimen148
\pgf@yx=\dimen149
\pgf@yy=\dimen150
\pgf@zx=\dimen151
\pgf@zy=\dimen152
)
(/usr/local/texlive/2019/texmf-dist/tex/generic/pgf/basiclayer/pgfcorepathconst
ruct.code.tex
File: pgfcorepathconstruct.code.tex 2019/04/04 v3.1.2 (3.1.2)
\pgf@path@lastx=\dimen153
\pgf@path@lasty=\dimen154
)
(/usr/local/texlive/2019/texmf-dist/tex/generic/pgf/basiclayer/pgfcorepathusage
.code.tex
File: pgfcorepathusage.code.tex 2019/04/04 v3.1.2 (3.1.2)
\pgf@shorten@end@additional=\dimen155
\pgf@shorten@start@additional=\dimen156
)
(/usr/local/texlive/2019/texmf-dist/tex/generic/pgf/basiclayer/pgfcorescopes.co
de.tex
File: pgfcorescopes.code.tex 2019/04/04 v3.1.2 (3.1.2)
\pgfpic=\box37
\pgf@hbox=\box38
\pgf@layerbox@main=\box39
\pgf@picture@serial@count=\count117
)
(/usr/local/texlive/2019/texmf-dist/tex/generic/pgf/basiclayer/pgfcoregraphicst
ate.code.tex
File: pgfcoregraphicstate.code.tex 2019/04/04 v3.1.2 (3.1.2)
\pgflinewidth=\dimen157
)
(/usr/local/texlive/2019/texmf-dist/tex/generic/pgf/basiclayer/pgfcoretransform
ations.code.tex
File: pgfcoretransformations.code.tex 2019/04/04 v3.1.2 (3.1.2)
\pgf@pt@x=\dimen158
\pgf@pt@y=\dimen159
\pgf@pt@temp=\dimen160
)
(/usr/local/texlive/2019/texmf-dist/tex/generic/pgf/basiclayer/pgfcorequick.cod
e.tex
File: pgfcorequick.code.tex 2019/04/04 v3.1.2 (3.1.2)
)
(/usr/local/texlive/2019/texmf-dist/tex/generic/pgf/basiclayer/pgfcoreobjects.c
ode.tex
File: pgfcoreobjects.code.tex 2019/04/04 v3.1.2 (3.1.2)
)
(/usr/local/texlive/2019/texmf-dist/tex/generic/pgf/basiclayer/pgfcorepathproce
ssing.code.tex
File: pgfcorepathprocessing.code.tex 2019/04/04 v3.1.2 (3.1.2)
)
(/usr/local/texlive/2019/texmf-dist/tex/generic/pgf/basiclayer/pgfcorearrows.co
de.tex
File: pgfcorearrows.code.tex 2019/04/04 v3.1.2 (3.1.2)
\pgfarrowsep=\dimen161
)
(/usr/local/texlive/2019/texmf-dist/tex/generic/pgf/basiclayer/pgfcoreshade.cod
e.tex
File: pgfcoreshade.code.tex 2019/04/04 v3.1.2 (3.1.2)
\pgf@max=\dimen162
\pgf@sys@shading@range@num=\count118
\pgf@shadingcount=\count119
)
(/usr/local/texlive/2019/texmf-dist/tex/generic/pgf/basiclayer/pgfcoreimage.cod
e.tex
File: pgfcoreimage.code.tex 2019/04/04 v3.1.2 (3.1.2)

(/usr/local/texlive/2019/texmf-dist/tex/generic/pgf/basiclayer/pgfcoreexternal.
code.tex
File: pgfcoreexternal.code.tex 2019/04/04 v3.1.2 (3.1.2)
\pgfexternal@startupbox=\box40
))
(/usr/local/texlive/2019/texmf-dist/tex/generic/pgf/basiclayer/pgfcorelayers.co
de.tex
File: pgfcorelayers.code.tex 2019/04/04 v3.1.2 (3.1.2)
)
(/usr/local/texlive/2019/texmf-dist/tex/generic/pgf/basiclayer/pgfcoretranspare
ncy.code.tex
File: pgfcoretransparency.code.tex 2019/04/04 v3.1.2 (3.1.2)
)
(/usr/local/texlive/2019/texmf-dist/tex/generic/pgf/basiclayer/pgfcorepatterns.
code.tex
File: pgfcorepatterns.code.tex 2019/04/04 v3.1.2 (3.1.2)
)
(/usr/local/texlive/2019/texmf-dist/tex/generic/pgf/basiclayer/pgfcorerdf.code.
tex
File: pgfcorerdf.code.tex 2019/04/04 v3.1.2 (3.1.2)
))) (/usr/local/texlive/2019/texmf-dist/tex/latex/pgf/utilities/xxcolor.sty
Package: xxcolor 2003/10/24 ver 0.1
\XC@nummixins=\count120
\XC@countmixins=\count121
) (/usr/local/texlive/2019/texmf-dist/tex/generic/oberdiek/atbegshi.sty
Package: atbegshi 2016/06/09 v1.18 At begin shipout hook (HO)

(/usr/local/texlive/2019/texmf-dist/tex/generic/oberdiek/infwarerr.sty
Package: infwarerr 2016/05/16 v1.4 Providing info/warning/error messages (HO)
)
(/usr/local/texlive/2019/texmf-dist/tex/generic/oberdiek/ltxcmds.sty
Package: ltxcmds 2016/05/16 v1.23 LaTeX kernel commands for general use (HO)
))
(/usr/local/texlive/2019/texmf-dist/tex/latex/hyperref/hyperref.sty
Package: hyperref 2018/11/30 v6.88e Hypertext links for LaTeX

(/usr/local/texlive/2019/texmf-dist/tex/generic/oberdiek/hobsub-hyperref.sty
Package: hobsub-hyperref 2016/05/16 v1.14 Bundle oberdiek, subset hyperref (HO)


(/usr/local/texlive/2019/texmf-dist/tex/generic/oberdiek/hobsub-generic.sty
Package: hobsub-generic 2016/05/16 v1.14 Bundle oberdiek, subset generic (HO)
Package: hobsub 2016/05/16 v1.14 Construct package bundles (HO)
Package hobsub Info: Skipping package `infwarerr' (already loaded).
Package hobsub Info: Skipping package `ltxcmds' (already loaded).
Package: ifluatex 2016/05/16 v1.4 Provides the ifluatex switch (HO)
Package ifluatex Info: LuaTeX not detected.
Package hobsub Info: Skipping package `ifvtex' (already loaded).
Package: intcalc 2016/05/16 v1.2 Expandable calculations with integers (HO)
Package hobsub Info: Skipping package `ifpdf' (already loaded).
Package: etexcmds 2016/05/16 v1.6 Avoid name clashes with e-TeX commands (HO)
Package: kvsetkeys 2016/05/16 v1.17 Key value parser (HO)
Package: kvdefinekeys 2016/05/16 v1.4 Define keys (HO)
Package: pdftexcmds 2018/09/10 v0.29 Utility functions of pdfTeX for LuaTeX (HO
)
Package pdftexcmds Info: LuaTeX not detected.
Package pdftexcmds Info: \pdf@primitive is available.
Package pdftexcmds Info: \pdf@ifprimitive is available.
Package pdftexcmds Info: \pdfdraftmode found.
Package: pdfescape 2016/05/16 v1.14 Implements pdfTeX's escape features (HO)
Package: bigintcalc 2016/05/16 v1.4 Expandable calculations on big integers (HO
)
Package: bitset 2016/05/16 v1.2 Handle bit-vector datatype (HO)
Package: uniquecounter 2016/05/16 v1.3 Provide unlimited unique counter (HO)
)
Package hobsub Info: Skipping package `hobsub' (already loaded).
Package: letltxmacro 2016/05/16 v1.5 Let assignment for LaTeX macros (HO)
Package: hopatch 2016/05/16 v1.3 Wrapper for package hooks (HO)
Package: xcolor-patch 2016/05/16 xcolor patch
Package: atveryend 2016/05/16 v1.9 Hooks at the very end of document (HO)
Package hobsub Info: Skipping package `atbegshi' (already loaded).
Package: refcount 2016/05/16 v3.5 Data extraction from label references (HO)
Package: hycolor 2016/05/16 v1.8 Color options for hyperref/bookmark (HO)
)
(/usr/local/texlive/2019/texmf-dist/tex/latex/oberdiek/auxhook.sty
Package: auxhook 2016/05/16 v1.4 Hooks for auxiliary files (HO)
)
(/usr/local/texlive/2019/texmf-dist/tex/latex/oberdiek/kvoptions.sty
Package: kvoptions 2016/05/16 v3.12 Key value format for package options (HO)
)
\@linkdim=\dimen163
\Hy@linkcounter=\count122
\Hy@pagecounter=\count123

(/usr/local/texlive/2019/texmf-dist/tex/latex/hyperref/pd1enc.def
File: pd1enc.def 2018/11/30 v6.88e Hyperref: PDFDocEncoding definition (HO)
Now handling font encoding PD1 ...
... no UTF-8 mapping file for font encoding PD1
)
\Hy@SavedSpaceFactor=\count124

(/usr/local/texlive/2019/texmf-dist/tex/latex/latexconfig/hyperref.cfg
File: hyperref.cfg 2002/06/06 v1.2 hyperref configuration of TeXLive
)
Package hyperref Info: Option `bookmarks' set `true' on input line 4393.
Package hyperref Info: Option `bookmarksopen' set `true' on input line 4393.
Package hyperref Info: Option `implicit' set `false' on input line 4393.
Package hyperref Info: Hyper figures OFF on input line 4519.
Package hyperref Info: Link nesting OFF on input line 4524.
Package hyperref Info: Hyper index ON on input line 4527.
Package hyperref Info: Plain pages OFF on input line 4534.
Package hyperref Info: Backreferencing OFF on input line 4539.
Package hyperref Info: Implicit mode OFF; no redefinition of LaTeX internals.
Package hyperref Info: Bookmarks ON on input line 4772.
\c@Hy@tempcnt=\count125

(/usr/local/texlive/2019/texmf-dist/tex/latex/url/url.sty
\Urlmuskip=\muskip10
Package: url 2013/09/16  ver 3.4  Verb mode for urls, etc.
)
LaTeX Info: Redefining \url on input line 5125.
\XeTeXLinkMargin=\dimen164
\Fld@menulength=\count126
\Field@Width=\dimen165
\Fld@charsize=\dimen166
Package hyperref Info: Hyper figures OFF on input line 6380.
Package hyperref Info: Link nesting OFF on input line 6385.
Package hyperref Info: Hyper index ON on input line 6388.
Package hyperref Info: backreferencing OFF on input line 6395.
Package hyperref Info: Link coloring OFF on input line 6400.
Package hyperref Info: Link coloring with OCG OFF on input line 6405.
Package hyperref Info: PDF/A mode OFF on input line 6410.
LaTeX Info: Redefining \ref on input line 6450.
LaTeX Info: Redefining \pageref on input line 6454.
\Hy@abspage=\count127


Package hyperref Message: Stopped early.

)
Package hyperref Info: Driver (autodetected): hpdftex.
 (/usr/local/texlive/2019/texmf-dist/tex/latex/hyperref/hpdftex.def
File: hpdftex.def 2018/11/30 v6.88e Hyperref driver for pdfTeX
\Fld@listcount=\count128
\c@bookmark@seq@number=\count129

(/usr/local/texlive/2019/texmf-dist/tex/latex/oberdiek/rerunfilecheck.sty
Package: rerunfilecheck 2016/05/16 v1.8 Rerun checks for auxiliary files (HO)
Package uniquecounter Info: New unique counter `rerunfilecheck' on input line 2
82.
))
(/usr/local/texlive/2019/texmf-dist/tex/latex/beamer/beamerbaserequires.sty
(/usr/local/texlive/2019/texmf-dist/tex/latex/beamer/beamerbasecompatibility.st
y) (/usr/local/texlive/2019/texmf-dist/tex/latex/beamer/beamerbasefont.sty
(/usr/local/texlive/2019/texmf-dist/tex/latex/amsfonts/amssymb.sty
Package: amssymb 2013/01/14 v3.01 AMS font symbols

(/usr/local/texlive/2019/texmf-dist/tex/latex/amsfonts/amsfonts.sty
Package: amsfonts 2013/01/14 v3.01 Basic AMSFonts support
\@emptytoks=\toks26
\symAMSa=\mathgroup4
\symAMSb=\mathgroup5
LaTeX Font Info:    Overwriting math alphabet `\mathfrak' in version `bold'
(Font)                  U/euf/m/n --> U/euf/b/n on input line 106.
))
(/usr/local/texlive/2019/texmf-dist/tex/latex/sansmathaccent/sansmathaccent.sty
Package: sansmathaccent 2013/03/28
(/usr/local/texlive/2019/texmf-dist/tex/latex/filehook/filehook.sty
Package: filehook 2011/10/12 v0.5d Hooks for input files
)))
(/usr/local/texlive/2019/texmf-dist/tex/latex/beamer/beamerbasetranslator.sty
(/usr/local/texlive/2019/texmf-dist/tex/latex/translator/translator.sty
Package: translator 2018/01/04 v1.12 Easy translation of strings in LaTeX
))
(/usr/local/texlive/2019/texmf-dist/tex/latex/beamer/beamerbasemisc.sty)
(/usr/local/texlive/2019/texmf-dist/tex/latex/beamer/beamerbasetwoscreens.sty)
(/usr/local/texlive/2019/texmf-dist/tex/latex/beamer/beamerbaseoverlay.sty
\beamer@argscount=\count130
\beamer@lastskipcover=\skip44
\beamer@trivlistdepth=\count131
)
(/usr/local/texlive/2019/texmf-dist/tex/latex/beamer/beamerbasetitle.sty)
(/usr/local/texlive/2019/texmf-dist/tex/latex/beamer/beamerbasesection.sty
\c@lecture=\count132
\c@part=\count133
\c@section=\count134
\c@subsection=\count135
\c@subsubsection=\count136
)
(/usr/local/texlive/2019/texmf-dist/tex/latex/beamer/beamerbaseframe.sty
\beamer@framebox=\box41
\beamer@frametitlebox=\box42
\beamer@zoombox=\box43
\beamer@zoomcount=\count137
\beamer@zoomframecount=\count138
\beamer@frametextheight=\dimen167
\c@subsectionslide=\count139
\beamer@frametopskip=\skip45
\beamer@framebottomskip=\skip46
\beamer@frametopskipautobreak=\skip47
\beamer@framebottomskipautobreak=\skip48
\beamer@envbody=\toks27
\framewidth=\dimen168
\c@framenumber=\count140
)
(/usr/local/texlive/2019/texmf-dist/tex/latex/beamer/beamerbaseverbatim.sty
\beamer@verbatimfileout=\write4
)
(/usr/local/texlive/2019/texmf-dist/tex/latex/beamer/beamerbaseframesize.sty
\beamer@splitbox=\box44
\beamer@autobreakcount=\count141
\beamer@autobreaklastheight=\dimen169
\beamer@frametitletoks=\toks28
\beamer@framesubtitletoks=\toks29
)
(/usr/local/texlive/2019/texmf-dist/tex/latex/beamer/beamerbaseframecomponents.
sty
\beamer@footins=\box45
) (/usr/local/texlive/2019/texmf-dist/tex/latex/beamer/beamerbasecolor.sty)
(/usr/local/texlive/2019/texmf-dist/tex/latex/beamer/beamerbasenotes.sty
\beamer@frameboxcopy=\box46
)
(/usr/local/texlive/2019/texmf-dist/tex/latex/beamer/beamerbasetoc.sty)
(/usr/local/texlive/2019/texmf-dist/tex/latex/beamer/beamerbasetemplates.sty
\beamer@sbttoks=\toks30

(/usr/local/texlive/2019/texmf-dist/tex/latex/beamer/beamerbaseauxtemplates.sty
(/usr/local/texlive/2019/texmf-dist/tex/latex/beamer/beamerbaseboxes.sty
\bmb@box=\box47
\bmb@colorbox=\box48
\bmb@boxshadow=\box49
\bmb@boxshadowball=\box50
\bmb@boxshadowballlarge=\box51
\bmb@temp=\dimen170
\bmb@dima=\dimen171
\bmb@dimb=\dimen172
\bmb@prevheight=\dimen173
)
\beamer@blockheadheight=\dimen174
))
(/usr/local/texlive/2019/texmf-dist/tex/latex/beamer/beamerbaselocalstructure.s
ty (/usr/local/texlive/2019/texmf-dist/tex/latex/tools/enumerate.sty
Package: enumerate 2015/07/23 v3.00 enumerate extensions (DPC)
\@enLab=\toks31
)
\c@figure=\count142
\c@table=\count143
\abovecaptionskip=\skip49
\belowcaptionskip=\skip50
)
(/usr/local/texlive/2019/texmf-dist/tex/latex/beamer/beamerbasenavigation.sty
\beamer@section@min@dim=\dimen175
)
(/usr/local/texlive/2019/texmf-dist/tex/latex/beamer/beamerbasetheorems.sty
(/usr/local/texlive/2019/texmf-dist/tex/latex/amsmath/amsmath.sty
Package: amsmath 2018/12/01 v2.17b AMS math features
\@mathmargin=\skip51

For additional information on amsmath, use the `?' option.
(/usr/local/texlive/2019/texmf-dist/tex/latex/amsmath/amstext.sty
Package: amstext 2000/06/29 v2.01 AMS text

(/usr/local/texlive/2019/texmf-dist/tex/latex/amsmath/amsgen.sty
File: amsgen.sty 1999/11/30 v2.0 generic functions
\@emptytoks=\toks32
\ex@=\dimen176
))
(/usr/local/texlive/2019/texmf-dist/tex/latex/amsmath/amsbsy.sty
Package: amsbsy 1999/11/29 v1.2d Bold Symbols
\pmbraise@=\dimen177
)
(/usr/local/texlive/2019/texmf-dist/tex/latex/amsmath/amsopn.sty
Package: amsopn 2016/03/08 v2.02 operator names
)
\inf@bad=\count144
LaTeX Info: Redefining \frac on input line 223.
\uproot@=\count145
\leftroot@=\count146
LaTeX Info: Redefining \overline on input line 385.
\classnum@=\count147
\DOTSCASE@=\count148
LaTeX Info: Redefining \ldots on input line 482.
LaTeX Info: Redefining \dots on input line 485.
LaTeX Info: Redefining \cdots on input line 606.
\Mathstrutbox@=\box52
\strutbox@=\box53
\big@size=\dimen178
LaTeX Font Info:    Redeclaring font encoding OML on input line 729.
LaTeX Font Info:    Redeclaring font encoding OMS on input line 730.
\macc@depth=\count149
\c@MaxMatrixCols=\count150
\dotsspace@=\muskip11
\c@parentequation=\count151
\dspbrk@lvl=\count152
\tag@help=\toks33
\row@=\count153
\column@=\count154
\maxfields@=\count155
\andhelp@=\toks34
\eqnshift@=\dimen179
\alignsep@=\dimen180
\tagshift@=\dimen181
\tagwidth@=\dimen182
\totwidth@=\dimen183
\lineht@=\dimen184
\@envbody=\toks35
\multlinegap=\skip52
\multlinetaggap=\skip53
\mathdisplay@stack=\toks36
LaTeX Info: Redefining \[ on input line 2844.
LaTeX Info: Redefining \] on input line 2845.
)
(/usr/local/texlive/2019/texmf-dist/tex/latex/amscls/amsthm.sty
Package: amsthm 2017/10/31 v2.20.4
\thm@style=\toks37
\thm@bodyfont=\toks38
\thm@headfont=\toks39
\thm@notefont=\toks40
\thm@headpunct=\toks41
\thm@preskip=\skip54
\thm@postskip=\skip55
\thm@headsep=\skip56
\dth@everypar=\toks42
)
\c@theorem=\count156
)
(/usr/local/texlive/2019/texmf-dist/tex/latex/beamer/beamerbasethemes.sty))
(/usr/local/texlive/2019/texmf-dist/tex/latex/beamer/beamerthemedefault.sty
(/usr/local/texlive/2019/texmf-dist/tex/latex/beamer/beamerfontthemedefault.sty
)
(/usr/local/texlive/2019/texmf-dist/tex/latex/beamer/beamercolorthemedefault.st
y)
(/usr/local/texlive/2019/texmf-dist/tex/latex/beamer/beamerinnerthemedefault.st
y
\beamer@dima=\dimen185
\beamer@dimb=\dimen186
)
(/usr/local/texlive/2019/texmf-dist/tex/latex/beamer/beamerouterthemedefault.st
y))) (/usr/local/texlive/2019/texmf-dist/tex/latex/etex-pkg/etex.sty
Package: etex 2016/08/01 v2.7 eTeX basic definition package (PEB,DPC)
\et@xins=\count157
)
(/usr/local/texlive/2019/texmf-dist/tex/latex/base/inputenc.sty
Package: inputenc 2018/08/11 v1.3c Input encoding file
\inpenc@prehook=\toks43
\inpenc@posthook=\toks44
)
(/usr/local/texlive/2019/texmf-dist/tex/latex/base/fontenc.sty
Package: fontenc 2018/08/11 v2.0j Standard LaTeX package

(/usr/local/texlive/2019/texmf-dist/tex/latex/base/t1enc.def
File: t1enc.def 2018/08/11 v2.0j Standard LaTeX file
LaTeX Font Info:    Redeclaring font encoding T1 on input line 48.
))
(/usr/local/texlive/2019/texmf-dist/tex/latex/pgf/utilities/pgfpages.sty
Package: pgfpages 2011/01/05 ver 0.02

(/usr/local/texlive/2019/texmf-dist/tex/latex/tools/calc.sty
Package: calc 2017/05/25 v4.3 Infix arithmetic (KKT,FJ)
\calc@Acount=\count158
\calc@Bcount=\count159
\calc@Adimen=\dimen187
\calc@Bdimen=\dimen188
\calc@Askip=\skip57
\calc@Bskip=\skip58
LaTeX Info: Redefining \setlength on input line 80.
LaTeX Info: Redefining \addtolength on input line 81.
\calc@Ccount=\count160
\calc@Cskip=\skip59
)
\pgf@logicalpages=\count161
\pgf@firstshipout=\count162
\pgf@lastshipout=\count163
\pgf@currentshipout=\count164
\pgf@cpn=\count165
\pgf@shipoutnextto=\count166
\pgfphysicalheight=\dimen189
\pgfphysicalwidth=\dimen190
\pgfpages@shipoutbox=\box54
)
(/usr/local/texlive/2019/texmf-dist/tex/latex/comment/comment.sty
\CommentStream=\write5

Excluding comment 'comment')
(/usr/local/texlive/2019/texmf-dist/tex/latex/caption/caption.sty
Package: caption 2018/10/06 v3.3-154 Customizing captions (AR)

(/usr/local/texlive/2019/texmf-dist/tex/latex/caption/caption3.sty
Package: caption3 2018/09/12 v1.8c caption3 kernel (AR)
Package caption3 Info: TeX engine: e-TeX on input line 64.
\captionmargin=\dimen191
\captionmargin@=\dimen192
\captionwidth=\dimen193
\caption@tempdima=\dimen194
\caption@indent=\dimen195
\caption@parindent=\dimen196
\caption@hangindent=\dimen197
)
\c@caption@flags=\count167
\c@ContinuedFloat=\count168
Package caption Info: beamer document class.
Package caption Info: hyperref package is loaded.
Package caption Info: Hyperref support is turned off
(caption)             because hyperref has stopped early.
)
(/usr/local/texlive/2019/texmf-dist/tex/latex/booktabs/booktabs.sty
Package: booktabs 2016/04/27 v1.618033 publication quality tables
\heavyrulewidth=\dimen198
\lightrulewidth=\dimen199
Normal \dimen register pool exhausted, switching to extended pool.
\cmidrulewidth=\dimen256
\belowrulesep=\dimen257
\belowbottomsep=\dimen258
\aboverulesep=\dimen259
\abovetopsep=\dimen260
\cmidrulesep=\dimen261
\cmidrulekern=\dimen262
\defaultaddspace=\dimen263
\@cmidla=\count169
\@cmidlb=\count170
\@aboverulesep=\dimen264
\@belowrulesep=\dimen265
\@thisruleclass=\count171
\@lastruleclass=\count172
\@thisrulewidth=\dimen266
)
(/usr/local/texlive/2019/texmf-dist/tex/latex/bbding/bbding.sty
Package: bbding 1999/04/15 v1.01 Dingbats symbols
)
(/usr/local/texlive/2019/texmf-dist/tex/latex/textpos/textpos.sty
Package: textpos 2019/04/15 v1.9.1

Package: textpos 2019/04/15 1.9.1, absolute positioning of text on the page
\TP@textbox=\box55
\TP@holdbox=\box56
\TPHorizModule=\dimen267
\TPVertModule=\dimen268
\TP@margin=\dimen269
\TP@absmargin=\dimen270
Grid set 16 x 16 = 28.45274pt x 16.00467pt
\TPboxrulesize=\dimen271
\TP@ox=\dimen272
\TP@oy=\dimen273
\TP@tbargs=\toks45
\TP@prevdepth=\dimen274
TextBlockOrigin set to 0pt x 0pt
) (/usr/local/texlive/2019/texmf-dist/tex/latex/mathtools/mathtools.sty
Package: mathtools 2018/01/08 v1.21 mathematical typesetting tools

(/usr/local/texlive/2019/texmf-dist/tex/latex/mathtools/mhsetup.sty
Package: mhsetup 2017/03/31 v1.3 programming setup (MH)
)
LaTeX Info: Thecontrolsequence`\('isalreadyrobust on input line 129.
LaTeX Info: Thecontrolsequence`\)'isalreadyrobust on input line 129.
LaTeX Info: Thecontrolsequence`\['isalreadyrobust on input line 129.
LaTeX Info: Thecontrolsequence`\]'isalreadyrobust on input line 129.
\g_MT_multlinerow_int=\count173
\l_MT_multwidth_dim=\dimen275
\origjot=\skip60
\l_MT_shortvdotswithinadjustabove_dim=\dimen276
\l_MT_shortvdotswithinadjustbelow_dim=\dimen277
\l_MT_above_intertext_sep=\dimen278
\l_MT_below_intertext_sep=\dimen279
\l_MT_above_shortintertext_sep=\dimen280
\l_MT_below_shortintertext_sep=\dimen281
)
(/usr/local/texlive/2019/texmf-dist/tex/latex/setspace/setspace.sty
Package: setspace 2011/12/19 v6.7a set line spacing
)
(/usr/local/texlive/2019/texmf-dist/tex/latex/psnfss/pifont.sty
Package: pifont 2005/04/12 PSNFSS-v9.2a Pi font support (SPQR) 
LaTeX Font Info:    Try loading font information for U+pzd on input line 63.

(/usr/local/texlive/2019/texmf-dist/tex/latex/psnfss/upzd.fd
File: upzd.fd 2001/06/04 font definitions for U/pzd.
)
LaTeX Font Info:    Try loading font information for U+psy on input line 64.

(/usr/local/texlive/2019/texmf-dist/tex/latex/psnfss/upsy.fd
File: upsy.fd 2001/06/04 font definitions for U/psy.
))
(/usr/local/texlive/2019/texmf-dist/tex/latex/changepage/changepage.sty
Package: changepage 2009/10/20 v1.0c check page and change page layout
\c@cp@cntr=\count174
\cp@tempcnt=\count175
)
(/usr/local/texlive/2019/texmf-dist/tex/latex/moresize/moresize.sty
Package: moresize 1999/07/26 v1.9 (more font sizes)
)
(/usr/local/texlive/2019/texmf-dist/tex/latex/opensans/opensans.sty
Package: opensans 2011/11/11 Opensans

(/usr/local/texlive/2019/texmf-dist/tex/latex/slantsc/slantsc.sty
Package: slantsc 2012/01/01 v2.11 Provide Slanted an Italic Small Caps

(/usr/local/texlive/2019/texmf-dist/tex/latex/base/ifthen.sty
Package: ifthen 2014/09/29 v1.1c Standard LaTeX ifthen package (DPC)
)
LaTeX Info: Redefining \upshape on input line 35.
LaTeX Info: Redefining \slshape on input line 45.
LaTeX Info: Redefining \itshape on input line 55.
LaTeX Info: Redefining \scshape on input line 65.
))
(/usr/local/texlive/2019/texmf-dist/tex/latex/colortbl/colortbl.sty
Package: colortbl 2018/12/12 v1.0d Color table columns (DPC)

(/usr/local/texlive/2019/texmf-dist/tex/latex/tools/array.sty
Package: array 2018/12/30 v2.4k Tabular extension package (FMi)
\col@sep=\dimen282
\ar@mcellbox=\box57
\extrarowheight=\dimen283
\NC@list=\toks46
\extratabsurround=\skip61
\backup@length=\skip62
\ar@cellbox=\box58
)
\everycr=\toks47
\minrowclearance=\skip63
)
(/usr/local/texlive/2019/texmf-dist/tex/latex/tools/tabularx.sty
Package: tabularx 2016/02/03 v2.11b `tabularx' package (DPC)
\TX@col@width=\dimen284
\TX@old@table=\dimen285
\TX@old@col=\dimen286
\TX@target=\dimen287
\TX@delta=\dimen288
\TX@cols=\count176
\TX@ftn=\toks48
)
(/usr/local/texlive/2019/texmf-dist/tex/latex/eurosym/eurosym.sty
Package: eurosym 1998/08/06 v1.1 European currency symbol ``Euro''
\@eurobox=\box59
)
(/usr/local/texlive/2019/texmf-dist/tex/latex/pgf/frontendlayer/tikz.sty
(/usr/local/texlive/2019/texmf-dist/tex/latex/pgf/basiclayer/pgf.sty
Package: pgf 2019/04/04 v3.1.2 (3.1.2)

(/usr/local/texlive/2019/texmf-dist/tex/generic/pgf/modules/pgfmoduleshapes.cod
e.tex
File: pgfmoduleshapes.code.tex 2019/04/04 v3.1.2 (3.1.2)
\pgfnodeparttextbox=\box60
)
(/usr/local/texlive/2019/texmf-dist/tex/generic/pgf/modules/pgfmoduleplot.code.
tex
File: pgfmoduleplot.code.tex 2019/04/04 v3.1.2 (3.1.2)
)
(/usr/local/texlive/2019/texmf-dist/tex/latex/pgf/compatibility/pgfcomp-version
-0-65.sty
Package: pgfcomp-version-0-65 2019/04/04 v3.1.2 (3.1.2)
\pgf@nodesepstart=\dimen289
\pgf@nodesepend=\dimen290
)
(/usr/local/texlive/2019/texmf-dist/tex/latex/pgf/compatibility/pgfcomp-version
-1-18.sty
Package: pgfcomp-version-1-18 2019/04/04 v3.1.2 (3.1.2)
))
(/usr/local/texlive/2019/texmf-dist/tex/latex/pgf/utilities/pgffor.sty
(/usr/local/texlive/2019/texmf-dist/tex/latex/pgf/utilities/pgfkeys.sty
(/usr/local/texlive/2019/texmf-dist/tex/generic/pgf/utilities/pgfkeys.code.tex)
) (/usr/local/texlive/2019/texmf-dist/tex/latex/pgf/math/pgfmath.sty
(/usr/local/texlive/2019/texmf-dist/tex/generic/pgf/math/pgfmath.code.tex))
(/usr/local/texlive/2019/texmf-dist/tex/generic/pgf/utilities/pgffor.code.tex
Package: pgffor 2019/04/04 v3.1.2 (3.1.2)

(/usr/local/texlive/2019/texmf-dist/tex/generic/pgf/math/pgfmath.code.tex)
\pgffor@iter=\dimen291
\pgffor@skip=\dimen292
\pgffor@stack=\toks49
\pgffor@toks=\toks50
))
(/usr/local/texlive/2019/texmf-dist/tex/generic/pgf/frontendlayer/tikz/tikz.cod
e.tex
Package: tikz 2019/04/04 v3.1.2 (3.1.2)

(/usr/local/texlive/2019/texmf-dist/tex/generic/pgf/libraries/pgflibraryplothan
dlers.code.tex
File: pgflibraryplothandlers.code.tex 2019/04/04 v3.1.2 (3.1.2)
\pgf@plot@mark@count=\count177
\pgfplotmarksize=\dimen293
)
\tikz@lastx=\dimen294
\tikz@lasty=\dimen295
\tikz@lastxsaved=\dimen296
\tikz@lastysaved=\dimen297
\tikzleveldistance=\dimen298
\tikzsiblingdistance=\dimen299
\tikz@figbox=\box61
\tikz@figbox@bg=\box62
\tikz@tempbox=\box63
\tikz@tempbox@bg=\box64
\tikztreelevel=\count178
\tikznumberofchildren=\count179
\tikznumberofcurrentchild=\count180
\tikz@fig@count=\count181

(/usr/local/texlive/2019/texmf-dist/tex/generic/pgf/modules/pgfmodulematrix.cod
e.tex
File: pgfmodulematrix.code.tex 2019/04/04 v3.1.2 (3.1.2)
\pgfmatrixcurrentrow=\count182
\pgfmatrixcurrentcolumn=\count183
\pgf@matrix@numberofcolumns=\count184
)
\tikz@expandcount=\count185

(/usr/local/texlive/2019/texmf-dist/tex/generic/pgf/frontendlayer/tikz/librarie
s/tikzlibrarytopaths.code.tex
File: tikzlibrarytopaths.code.tex 2019/04/04 v3.1.2 (3.1.2)
)))
\sympureletters=\mathgroup6
LaTeX Font Info:    Overwriting symbol font `pureletters' in version `bold'
(Font)                  OT1/mathkerncmss/m/sl --> OT1/mathkerncmss/bx/sl on inp
ut line 27.

(/usr/local/texlive/2019/texmf-dist/tex/latex/tools/bm.sty
Package: bm 2017/01/16 v1.2c Bold Symbol Support (DPC/FMi)
\symboldoperators=\mathgroup7
\symboldletters=\mathgroup8
\symboldsymbols=\mathgroup9
\symboldpureletters=\mathgroup10
LaTeX Font Info:    Redeclaring math alphabet \mathbf on input line 141.
LaTeX Info: Redefining \bm on input line 207.
)
(/usr/local/texlive/2019/texmf-dist/tex/latex/soul/soul.sty
Package: soul 2003/11/17 v2.4 letterspacing/underlining (mf)
\SOUL@word=\toks51
\SOUL@lasttoken=\toks52
\SOUL@cmds=\toks53
\SOUL@buffer=\toks54
\SOUL@token=\toks55
\SOUL@spaceskip=\skip64
\SOUL@ttwidth=\dimen300
\SOUL@uldp=\dimen301
\SOUL@ulht=\dimen302
)
(/usr/local/texlive/2019/texmf-dist/tex/latex/was/upgreek.sty
Package: upgreek 2003/02/12 v2.0 (WaS)
Package upgreek Info: Using Euler Roman for upright Greek on input line 31.
\symugrf@m=\mathgroup11
LaTeX Font Info:    Overwriting symbol font `ugrf@m' in version `bold'
(Font)                  U/eur/m/n --> U/eur/b/n on input line 38.
)
(/usr/local/texlive/2019/texmf-dist/tex/latex/tools/verbatim.sty
Package: verbatim 2014/10/28 v1.5q LaTeX2e package for verbatim enhancements
\every@verbatim=\toks56
\verbatim@line=\toks57
\verbatim@in@stream=\read2
)
(/usr/local/texlive/2019/texmf-dist/tex/latex/fancyvrb/fancyvrb.sty
Package: fancyvrb 2019/01/15

Style option: `fancyvrb' v3.2a <2019/01/15> (tvz)
\FV@CodeLineNo=\count186
\FV@InFile=\read3
\FV@TabBox=\box65
\c@FancyVerbLine=\count187
\FV@StepNumber=\count188
\FV@OutFile=\write6
)
(/usr/local/texlive/2019/texmf-dist/tex/latex/newverbs/newverbs.sty
Package: newverbs 2012/05/08 v1.3a Define new 'verb' commands and short verb. c
haracters
Package newverbs Info: Patching 'TX@vb' macro of the 'tabularx' package. on inp
ut line 80.
)
(/usr/local/texlive/2019/texmf-dist/tex/latex/xkeyval/xkeyval.sty
Package: xkeyval 2014/12/03 v2.7a package option processing (HA)

(/usr/local/texlive/2019/texmf-dist/tex/generic/xkeyval/xkeyval.tex
(/usr/local/texlive/2019/texmf-dist/tex/generic/xkeyval/xkvutils.tex
\XKV@toks=\toks58
\XKV@tempa@toks=\toks59
)
\XKV@depth=\count189
File: xkeyval.tex 2014/12/03 v2.7a key=value parser (HA)
))
(/usr/local/texlive/2019/texmf-dist/tex/latex/listings/listings.sty
\lst@mode=\count190
\lst@gtempboxa=\box66
\lst@token=\toks60
\lst@length=\count191
\lst@currlwidth=\dimen303
\lst@column=\count192
\lst@pos=\count193
\lst@lostspace=\dimen304
\lst@width=\dimen305
\lst@newlines=\count194
\lst@lineno=\count195
\lst@maxwidth=\dimen306

(/usr/local/texlive/2019/texmf-dist/tex/latex/listings/lstmisc.sty
File: lstmisc.sty 2019/02/27 1.8b (Carsten Heinz)
\c@lstnumber=\count196
\lst@skipnumbers=\count197
\lst@framebox=\box67
)
(/usr/local/texlive/2019/texmf-dist/tex/latex/listings/listings.cfg
File: listings.cfg 2019/02/27 1.8b listings configuration
))
Package: listings 2019/02/27 1.8b (Carsten Heinz)

(/usr/local/texlive/2019/texmf-dist/tex/latex/todonotes/todonotes.sty
Package: todonotes 2019/01/24 v1.1.2 Todonotes source and documentation.
Package: todonotes 2018/11/22

(/usr/local/texlive/2019/texmf-dist/tex/generic/pgf/frontendlayer/tikz/librarie
s/tikzlibrarypositioning.code.tex
File: tikzlibrarypositioning.code.tex 2019/04/04 v3.1.2 (3.1.2)
)
(/usr/local/texlive/2019/texmf-dist/tex/generic/pgf/frontendlayer/tikz/librarie
s/tikzlibraryshadows.code.tex
File: tikzlibraryshadows.code.tex 2019/04/04 v3.1.2 (3.1.2)

(/usr/local/texlive/2019/texmf-dist/tex/generic/pgf/frontendlayer/tikz/librarie
s/tikzlibraryfadings.code.tex
File: tikzlibraryfadings.code.tex 2019/04/04 v3.1.2 (3.1.2)

(/usr/local/texlive/2019/texmf-dist/tex/generic/pgf/libraries/pgflibraryfadings
.code.tex
File: pgflibraryfadings.code.tex 2019/04/04 v3.1.2 (3.1.2)
)))
\c@@todonotes@numberoftodonotes=\count198
)
(/usr/local/texlive/2019/texmf-dist/tex/latex/mdframed/mdframed.sty
Package: mdframed 2013/07/01 1.9b: mdframed

(/usr/local/texlive/2019/texmf-dist/tex/latex/l3packages/xparse/xparse.sty
(/usr/local/texlive/2019/texmf-dist/tex/latex/l3kernel/expl3.sty
Package: expl3 2019-05-07 L3 programming layer (loader) 

(/usr/local/texlive/2019/texmf-dist/tex/latex/l3kernel/expl3-code.tex
Package: expl3 2019-05-07 L3 programming layer (code)
\c_max_int=\count199
Normal \count register pool exhausted, switching to extended pool.
\l_tmpa_int=\count277
\l_tmpb_int=\count278
\g_tmpa_int=\count279
\g_tmpb_int=\count280
\g__kernel_prg_map_int=\count281
\c__ior_term_ior=\count282
\c_log_iow=\count283
\l_iow_line_count_int=\count284
\l__iow_line_target_int=\count285
\l__iow_one_indent_int=\count286
\l__iow_indent_int=\count287
\c_zero_dim=\dimen307
\c_max_dim=\dimen308
\l_tmpa_dim=\dimen309
\l_tmpb_dim=\dimen310
\g_tmpa_dim=\dimen311
\g_tmpb_dim=\dimen312
\c_zero_skip=\skip65
\c_max_skip=\skip66
\l_tmpa_skip=\skip67
\l_tmpb_skip=\skip68
\g_tmpa_skip=\skip69
\g_tmpb_skip=\skip70
\c_zero_muskip=\muskip12
\c_max_muskip=\muskip13
\l_tmpa_muskip=\muskip14
\l_tmpb_muskip=\muskip15
\g_tmpa_muskip=\muskip16
\g_tmpb_muskip=\muskip17
\l_keys_choice_int=\count288
\l__intarray_loop_int=\count289
\c__intarray_sp_dim=\dimen313
\g__intarray_font_int=\count290
\c__fp_leading_shift_int=\count291
\c__fp_middle_shift_int=\count292
\c__fp_trailing_shift_int=\count293
\c__fp_big_leading_shift_int=\count294
\c__fp_big_middle_shift_int=\count295
\c__fp_big_trailing_shift_int=\count296
\c__fp_Bigg_leading_shift_int=\count297
\c__fp_Bigg_middle_shift_int=\count298
\c__fp_Bigg_trailing_shift_int=\count299
\c__kernel_randint_max_int=\count300
\g__fp_array_int=\count301
\l__fp_array_loop_int=\count302
\l__sort_length_int=\count303
\l__sort_min_int=\count304
\l__sort_top_int=\count305
\l__sort_max_int=\count306
\l__sort_true_max_int=\count307
\l__sort_block_int=\count308
\l__sort_begin_int=\count309
\l__sort_end_int=\count310
\l__sort_A_int=\count311
\l__sort_B_int=\count312
\l__sort_C_int=\count313
\l__tl_analysis_normal_int=\count314
\l__tl_analysis_index_int=\count315
\l__tl_analysis_nesting_int=\count316
\l__tl_analysis_type_int=\count317
\l__regex_internal_a_int=\count318
\l__regex_internal_b_int=\count319
\l__regex_internal_c_int=\count320
\l__regex_balance_int=\count321
\l__regex_group_level_int=\count322
\l__regex_mode_int=\count323
\c__regex_cs_in_class_mode_int=\count324
\c__regex_cs_mode_int=\count325
\l__regex_catcodes_int=\count326
\l__regex_default_catcodes_int=\count327
\c__regex_catcode_D_int=\count328
\c__regex_catcode_S_int=\count329
\c__regex_catcode_L_int=\count330
\c__regex_catcode_O_int=\count331
\c__regex_catcode_A_int=\count332
\c__regex_all_catcodes_int=\count333
\l__regex_show_lines_int=\count334
\l__regex_min_state_int=\count335
\l__regex_max_state_int=\count336
\l__regex_left_state_int=\count337
\l__regex_right_state_int=\count338
\l__regex_capturing_group_int=\count339
\l__regex_min_pos_int=\count340
\l__regex_max_pos_int=\count341
\l__regex_curr_pos_int=\count342
\l__regex_start_pos_int=\count343
\l__regex_success_pos_int=\count344
\l__regex_curr_char_int=\count345
\l__regex_curr_catcode_int=\count346
\l__regex_last_char_int=\count347
\l__regex_case_changed_char_int=\count348
\l__regex_curr_state_int=\count349
\l__regex_step_int=\count350
\l__regex_min_active_int=\count351
\l__regex_max_active_int=\count352
\l__regex_replacement_csnames_int=\count353
\l__regex_match_count_int=\count354
\l__regex_min_submatch_int=\count355
\l__regex_submatch_int=\count356
\l__regex_zeroth_submatch_int=\count357
\g__regex_trace_regex_int=\count358
\c_empty_box=\box68
\l_tmpa_box=\box69
\l_tmpb_box=\box70
\g_tmpa_box=\box71
\g_tmpb_box=\box72
\l__box_top_dim=\dimen314
\l__box_bottom_dim=\dimen315
\l__box_left_dim=\dimen316
\l__box_right_dim=\dimen317
\l__box_top_new_dim=\dimen318
\l__box_bottom_new_dim=\dimen319
\l__box_left_new_dim=\dimen320
\l__box_right_new_dim=\dimen321
\l__box_internal_box=\box73
\l__coffin_internal_box=\box74
\l__coffin_internal_dim=\dimen322
\l__coffin_offset_x_dim=\dimen323
\l__coffin_offset_y_dim=\dimen324
\l__coffin_x_dim=\dimen325
\l__coffin_y_dim=\dimen326
\l__coffin_x_prime_dim=\dimen327
\l__coffin_y_prime_dim=\dimen328
\c_empty_coffin=\box75
\l__coffin_aligned_coffin=\box76
\l__coffin_aligned_internal_coffin=\box77
\l_tmpa_coffin=\box78
\l_tmpb_coffin=\box79
\g_tmpa_coffin=\box80
\g_tmpb_coffin=\box81
\l__coffin_bounding_shift_dim=\dimen329
\l__coffin_left_corner_dim=\dimen330
\l__coffin_right_corner_dim=\dimen331
\l__coffin_bottom_corner_dim=\dimen332
\l__coffin_top_corner_dim=\dimen333
\l__coffin_scaled_total_height_dim=\dimen334
\l__coffin_scaled_width_dim=\dimen335
\c__coffin_empty_coffin=\box82
\l__coffin_display_coffin=\box83
\l__coffin_display_coord_coffin=\box84
\l__coffin_display_pole_coffin=\box85
\l__coffin_display_offset_dim=\dimen336
\l__coffin_display_x_dim=\dimen337
\l__coffin_display_y_dim=\dimen338
\g__file_internal_ior=\read4
\l__seq_internal_a_int=\count359
\l__seq_internal_b_int=\count360
\c__deprecation_minus_one=\count361
)
(/usr/local/texlive/2019/texmf-dist/tex/latex/l3kernel/l3pdfmode.def
File: l3pdfmode.def 2019-04-06 v L3 Experimental driver: PDF mode
\l__driver_color_stack_int=\count362
\l__driver_pdf_tmp_box=\box86
))
Package: xparse 2019-05-03 L3 Experimental document command parser
\l__xparse_current_arg_int=\count363
\g__xparse_grabber_int=\count364
\l__xparse_m_args_int=\count365
\l__xparse_v_nesting_int=\count366
)
(/usr/local/texlive/2019/texmf-dist/tex/latex/oberdiek/zref-abspage.sty
Package: zref-abspage 2018/11/21 v2.27 Module abspage for zref (HO)

(/usr/local/texlive/2019/texmf-dist/tex/latex/oberdiek/zref-base.sty
Package: zref-base 2018/11/21 v2.27 Module base for zref (HO)
Package zref Info: New property list: main on input line 759.
Package zref Info: New property: default on input line 760.
Package zref Info: New property: page on input line 761.
)
\c@abspage=\count367
Package zref Info: New property: abspage on input line 62.
)
(/usr/local/texlive/2019/texmf-dist/tex/latex/needspace/needspace.sty
Package: needspace 2010/09/12 v1.3d reserve vertical space
)
\mdf@templength=\skip71
\c@mdf@globalstyle@cnt=\count368
\mdf@skipabove@length=\skip72
\mdf@skipbelow@length=\skip73
\mdf@leftmargin@length=\skip74
\mdf@rightmargin@length=\skip75
\mdf@innerleftmargin@length=\skip76
\mdf@innerrightmargin@length=\skip77
\mdf@innertopmargin@length=\skip78
\mdf@innerbottommargin@length=\skip79
\mdf@splittopskip@length=\skip80
\mdf@splitbottomskip@length=\skip81
\mdf@outermargin@length=\skip82
\mdf@innermargin@length=\skip83
\mdf@linewidth@length=\skip84
\mdf@innerlinewidth@length=\skip85
\mdf@middlelinewidth@length=\skip86
\mdf@outerlinewidth@length=\skip87
\mdf@roundcorner@length=\skip88
\mdf@footenotedistance@length=\skip89
\mdf@userdefinedwidth@length=\skip90
\mdf@needspace@length=\skip91
\mdf@frametitleaboveskip@length=\skip92
\mdf@frametitlebelowskip@length=\skip93
\mdf@frametitlerulewidth@length=\skip94
\mdf@frametitleleftmargin@length=\skip95
\mdf@frametitlerightmargin@length=\skip96
\mdf@shadowsize@length=\skip97
\mdf@extratopheight@length=\skip98
\mdf@subtitleabovelinewidth@length=\skip99
\mdf@subtitlebelowlinewidth@length=\skip100
\mdf@subtitleaboveskip@length=\skip101
\mdf@subtitlebelowskip@length=\skip102
\mdf@subtitleinneraboveskip@length=\skip103
\mdf@subtitleinnerbelowskip@length=\skip104
\mdf@subsubtitleabovelinewidth@length=\skip105
\mdf@subsubtitlebelowlinewidth@length=\skip106
\mdf@subsubtitleaboveskip@length=\skip107
\mdf@subsubtitlebelowskip@length=\skip108
\mdf@subsubtitleinneraboveskip@length=\skip109
\mdf@subsubtitleinnerbelowskip@length=\skip110

(/usr/local/texlive/2019/texmf-dist/tex/latex/mdframed/md-frame-0.mdf
File: md-frame-0.mdf 2013/07/01\ 1.9b: md-frame-0
)
\mdf@frametitlebox=\box87
\mdf@footnotebox=\box88
\mdf@splitbox@one=\box89
\mdf@splitbox@two=\box90
\mdf@splitbox@save=\box91
\mdfsplitboxwidth=\skip111
\mdfsplitboxtotalwidth=\skip112
\mdfsplitboxheight=\skip113
\mdfsplitboxdepth=\skip114
\mdfsplitboxtotalheight=\skip115
\mdfframetitleboxwidth=\skip116
\mdfframetitleboxtotalwidth=\skip117
\mdfframetitleboxheight=\skip118
\mdfframetitleboxdepth=\skip119
\mdfframetitleboxtotalheight=\skip120
\mdffootnoteboxwidth=\skip121
\mdffootnoteboxtotalwidth=\skip122
\mdffootnoteboxheight=\skip123
\mdffootnoteboxdepth=\skip124
\mdffootnoteboxtotalheight=\skip125
\mdftotallinewidth=\skip126
\mdfboundingboxwidth=\skip127
\mdfboundingboxtotalwidth=\skip128
\mdfboundingboxheight=\skip129
\mdfboundingboxdepth=\skip130
\mdfboundingboxtotalheight=\skip131
\mdf@freevspace@length=\skip132
\mdf@horizontalwidthofbox@length=\skip133
\mdf@verticalmarginwhole@length=\skip134
\mdf@horizontalspaceofbox=\skip135
\mdfsubtitleheight=\skip136
\mdfsubsubtitleheight=\skip137
\c@mdfcountframes=\count369

****** mdframed patching \endmdf@trivlist

****** -- failed******

\mdf@envdepth=\count370
\c@mdf@env@i=\count371
\c@mdf@env@ii=\count372
\c@mdf@zref@counter=\count373
Package zref Info: New property: mdf@pagevalue on input line 895.
)
(/usr/local/texlive/2019/texmf-dist/tex/latex/framed/framed.sty
Package: framed 2011/10/22 v 0.96: framed or shaded text with page breaks
\OuterFrameSep=\skip138
\fb@frw=\dimen339
\fb@frh=\dimen340
\FrameRule=\dimen341
\FrameSep=\dimen342
)
(/usr/local/texlive/2019/texmf-dist/tex/generic/pgf/frontendlayer/tikz/librarie
s/tikzlibrarycalc.code.tex
File: tikzlibrarycalc.code.tex 2019/04/04 v3.1.2 (3.1.2)
)
(/usr/local/texlive/2019/texmf-dist/tex/generic/pgf/frontendlayer/tikz/librarie
s/tikzlibrarydecorations.code.tex
(/usr/local/texlive/2019/texmf-dist/tex/generic/pgf/modules/pgfmoduledecoration
s.code.tex
\pgfdecoratedcompleteddistance=\dimen343
\pgfdecoratedremainingdistance=\dimen344
\pgfdecoratedinputsegmentcompleteddistance=\dimen345
\pgfdecoratedinputsegmentremainingdistance=\dimen346
\pgf@decorate@distancetomove=\dimen347
\pgf@decorate@repeatstate=\count374
\pgfdecorationsegmentamplitude=\dimen348
\pgfdecorationsegmentlength=\dimen349
)
\tikz@lib@dec@box=\box92
)
(/usr/local/texlive/2019/texmf-dist/tex/generic/pgf/frontendlayer/tikz/librarie
s/tikzlibrarypatterns.code.tex
File: tikzlibrarypatterns.code.tex 2019/04/04 v3.1.2 (3.1.2)

(/usr/local/texlive/2019/texmf-dist/tex/generic/pgf/libraries/pgflibrarypattern
s.code.tex
File: pgflibrarypatterns.code.tex 2019/04/04 v3.1.2 (3.1.2)
))
(/usr/local/texlive/2019/texmf-dist/tex/generic/pgf/frontendlayer/tikz/librarie
s/tikzlibraryarrows.code.tex
File: tikzlibraryarrows.code.tex 2019/04/04 v3.1.2 (3.1.2)

(/usr/local/texlive/2019/texmf-dist/tex/generic/pgf/libraries/pgflibraryarrows.
code.tex
File: pgflibraryarrows.code.tex 2019/04/04 v3.1.2 (3.1.2)
\arrowsize=\dimen350
))
(/usr/local/texlive/2019/texmf-dist/tex/generic/pgf/frontendlayer/tikz/librarie
s/tikzlibrarydecorations.pathmorphing.code.tex
(/usr/local/texlive/2019/texmf-dist/tex/generic/pgf/libraries/decorations/pgfli
brarydecorations.pathmorphing.code.tex))
(/usr/local/texlive/2019/texmf-dist/tex/latex/beamer/beamerinnerthemerounded.st
y) (./VAR_Primer_Slides.aux)
\openout1 = `VAR_Primer_Slides.aux'.

LaTeX Font Info:    Checking defaults for OML/cmm/m/it on input line 202.
LaTeX Font Info:    ... okay on input line 202.
LaTeX Font Info:    Checking defaults for T1/cmr/m/n on input line 202.
LaTeX Font Info:    ... okay on input line 202.
LaTeX Font Info:    Checking defaults for OT1/cmr/m/n on input line 202.
LaTeX Font Info:    ... okay on input line 202.
LaTeX Font Info:    Checking defaults for OMS/cmsy/m/n on input line 202.
LaTeX Font Info:    ... okay on input line 202.
LaTeX Font Info:    Checking defaults for OMX/cmex/m/n on input line 202.
LaTeX Font Info:    ... okay on input line 202.
LaTeX Font Info:    Checking defaults for U/cmr/m/n on input line 202.
LaTeX Font Info:    ... okay on input line 202.
LaTeX Font Info:    Checking defaults for PD1/pdf/m/n on input line 202.
LaTeX Font Info:    ... okay on input line 202.
LaTeX Font Info:    Try loading font information for T1+fos on input line 202.

(/usr/local/texlive/2019/texmf-dist/tex/latex/opensans/t1fos.fd
File: t1fos.fd 2011/11/11 Fontinst v1.927 font definitions for T1/fos.
)
LaTeX Font Info:    Font shape `T1/fos/m/n' will be
(Font)              scaled to size 9.49997pt on input line 202.

*geometry* driver: auto-detecting
*geometry* detected driver: pdftex
*geometry* verbose mode - [ preamble ] result:
* driver: pdftex
* paper: custom
* layout: <same size as paper>
* layoutoffset:(h,v)=(0.0pt,0.0pt)
* modes: includehead includefoot 
* h-part:(L,W,R)=(5.69046pt, 441.01772pt, 8.5359pt)
* v-part:(T,H,B)=(0.0pt, 256.0748pt, 0.0pt)
* \paperwidth=455.24408pt
* \paperheight=256.0748pt
* \textwidth=441.01772pt
* \textheight=227.62207pt
* \oddsidemargin=-66.57953pt
* \evensidemargin=-66.57953pt
* \topmargin=-72.26999pt
* \headheight=14.22636pt
* \headsep=0.0pt
* \topskip=10.0pt
* \footskip=14.22636pt
* \marginparwidth=3.0pt
* \marginparsep=11.0pt
* \columnsep=10.0pt
* \skip\footins=9.0pt plus 4.0pt minus 2.0pt
* \hoffset=0.0pt
* \voffset=0.0pt
* \mag=1000
* \@twocolumnfalse
* \@twosidefalse
* \@mparswitchfalse
* \@reversemarginfalse
* (1in=72.27pt=25.4mm, 1cm=28.453pt)

(/usr/local/texlive/2019/texmf-dist/tex/context/base/mkii/supp-pdf.mkii
[Loading MPS to PDF converter (version 2006.09.02).]
\scratchcounter=\count375
\scratchdimen=\dimen351
\scratchbox=\box93
\nofMPsegments=\count376
\nofMParguments=\count377
\everyMPshowfont=\toks61
\MPscratchCnt=\count378
\MPscratchDim=\dimen352
\MPnumerator=\count379
\makeMPintoPDFobject=\count380
\everyMPtoPDFconversion=\toks62
) (/usr/local/texlive/2019/texmf-dist/tex/latex/oberdiek/epstopdf-base.sty
Package: epstopdf-base 2016/05/15 v2.6 Base part for package epstopdf

(/usr/local/texlive/2019/texmf-dist/tex/latex/oberdiek/grfext.sty
Package: grfext 2016/05/16 v1.2 Manage graphics extensions (HO)
)
Package epstopdf-base Info: Redefining graphics rule for `.eps' on input line 4
38.
Package grfext Info: Graphics extension search list:
(grfext)             [.pdf,.png,.jpg,.mps,.jpeg,.jbig2,.jb2,.PDF,.PNG,.JPG,.JPE
G,.JBIG2,.JB2,.eps]
(grfext)             \AppendGraphicsExtensions on input line 456.

(/usr/local/texlive/2019/texmf-dist/tex/latex/latexconfig/epstopdf-sys.cfg
File: epstopdf-sys.cfg 2010/07/13 v1.3 Configuration of (r)epstopdf for TeX Liv
e
))
ABD: EveryShipout initializing macros
\AtBeginShipoutBox=\box94
Package hyperref Info: Link coloring OFF on input line 202.

(/usr/local/texlive/2019/texmf-dist/tex/latex/hyperref/nameref.sty
Package: nameref 2016/05/21 v2.44 Cross-referencing by name of section

(/usr/local/texlive/2019/texmf-dist/tex/generic/oberdiek/gettitlestring.sty
Package: gettitlestring 2016/05/16 v1.5 Cleanup title references (HO)
)
\c@section@level=\count381
)
LaTeX Info: Redefining \ref on input line 202.
LaTeX Info: Redefining \pageref on input line 202.
LaTeX Info: Redefining \nameref on input line 202.

(./VAR_Primer_Slides.out) (./VAR_Primer_Slides.out)
\@outlinefile=\write7
\openout7 = `VAR_Primer_Slides.out'.

LaTeX Font Info:    Overwriting symbol font `operators' in version `normal'
(Font)                  OT1/cmr/m/n --> OT1/cmss/m/n on input line 202.
LaTeX Font Info:    Overwriting symbol font `operators' in version `bold'
(Font)                  OT1/cmr/bx/n --> OT1/cmss/bx/n on input line 202.
\symnumbers=\mathgroup12
LaTeX Font Info:    Redeclaring symbol font `pureletters' on input line 202.
LaTeX Font Info:    Encoding `OT1' has changed to `T1' for symbol font
(Font)              `pureletters' in the math version `normal' on input line 20
2.
LaTeX Font Info:    Overwriting symbol font `pureletters' in version `normal'
(Font)                  OT1/mathkerncmss/m/sl --> T1/fos/m/it on input line 202
.
LaTeX Font Info:    Encoding `OT1' has changed to `T1' for symbol font
(Font)              `pureletters' in the math version `bold' on input line 202.

LaTeX Font Info:    Overwriting symbol font `pureletters' in version `bold'
(Font)                  OT1/mathkerncmss/bx/sl --> T1/fos/m/it on input line 20
2.
LaTeX Font Info:    Overwriting math alphabet `\mathrm' in version `normal'
(Font)                  OT1/cmss/m/n --> T1/cmr/m/n on input line 202.
LaTeX Font Info:    Redeclaring math alphabet \mathbf on input line 202.
LaTeX Font Info:    Redeclaring math alphabet \mathsf on input line 202.
LaTeX Font Info:    Overwriting math alphabet `\mathsf' in version `normal'
(Font)                  OT1/cmss/m/n --> T1/fos/m/n on input line 202.
LaTeX Font Info:    Overwriting math alphabet `\mathsf' in version `bold'
(Font)                  OT1/cmss/bx/n --> T1/fos/m/n on input line 202.
LaTeX Font Info:    Redeclaring math alphabet \mathit on input line 202.
LaTeX Font Info:    Overwriting math alphabet `\mathit' in version `normal'
(Font)                  OT1/cmr/m/it --> T1/fos/m/it on input line 202.
LaTeX Font Info:    Overwriting math alphabet `\mathit' in version `bold'
(Font)                  OT1/cmr/bx/it --> T1/fos/m/it on input line 202.
LaTeX Font Info:    Redeclaring math alphabet \mathtt on input line 202.
LaTeX Font Info:    Overwriting math alphabet `\mathtt' in version `normal'
(Font)                  OT1/cmtt/m/n --> T1/cmtt/m/n on input line 202.
LaTeX Font Info:    Overwriting math alphabet `\mathtt' in version `bold'
(Font)                  OT1/cmtt/m/n --> T1/cmtt/m/n on input line 202.
LaTeX Font Info:    Overwriting symbol font `numbers' in version `bold'
(Font)                  T1/fos/m/n --> T1/fos/bx/n on input line 202.
LaTeX Font Info:    Overwriting symbol font `pureletters' in version `bold'
(Font)                  T1/fos/m/it --> T1/fos/bx/it on input line 202.
LaTeX Font Info:    Overwriting math alphabet `\mathrm' in version `bold'
(Font)                  OT1/cmss/bx/n --> T1/cmr/bx/n on input line 202.
LaTeX Font Info:    Overwriting math alphabet `\mathbf' in version `bold'
(Font)                  T1/fos/bx/n --> T1/fos/bx/n on input line 202.
LaTeX Font Info:    Overwriting math alphabet `\mathsf' in version `bold'
(Font)                  T1/fos/m/n --> T1/fos/bx/n on input line 202.
LaTeX Font Info:    Overwriting math alphabet `\mathit' in version `bold'
(Font)                  T1/fos/m/it --> T1/fos/bx/it on input line 202.
LaTeX Font Info:    Overwriting math alphabet `\mathtt' in version `bold'
(Font)                  T1/cmtt/m/n --> T1/cmtt/bx/n on input line 202.
LaTeX Font Info:    Redeclaring symbol font `boldpureletters' on input line 202
.
LaTeX Font Info:    Encoding `OT1' has changed to `T1' for symbol font
(Font)              `boldpureletters' in the math version `normal' on input lin
e 202.
LaTeX Font Info:    Overwriting symbol font `boldpureletters' in version `norma
l'
(Font)                  OT1/mathkerncmss/bx/sl --> T1/fos/bx/it on input line 2
02.
LaTeX Font Info:    Encoding `OT1' has changed to `T1' for symbol font
(Font)              `boldpureletters' in the math version `bold' on input line 
202.
LaTeX Font Info:    Overwriting symbol font `boldpureletters' in version `bold'

(Font)                  OT1/mathkerncmss/bx/sl --> T1/fos/bx/it on input line 2
02.

(/usr/local/texlive/2019/texmf-dist/tex/latex/translator/translator-basic-dicti
onary-English.dict
Dictionary: translator-basic-dictionary, Language: English 
)
(/usr/local/texlive/2019/texmf-dist/tex/latex/translator/translator-bibliograph
y-dictionary-English.dict
Dictionary: translator-bibliography-dictionary, Language: English 
)
(/usr/local/texlive/2019/texmf-dist/tex/latex/translator/translator-environment
-dictionary-English.dict
Dictionary: translator-environment-dictionary, Language: English 
)
(/usr/local/texlive/2019/texmf-dist/tex/latex/translator/translator-months-dict
ionary-English.dict
Dictionary: translator-months-dictionary, Language: English 
)
(/usr/local/texlive/2019/texmf-dist/tex/latex/translator/translator-numbers-dic
tionary-English.dict
Dictionary: translator-numbers-dictionary, Language: English 
)
(/usr/local/texlive/2019/texmf-dist/tex/latex/translator/translator-theorem-dic
tionary-English.dict
Dictionary: translator-theorem-dictionary, Language: English 
)
Package caption Info: Begin \AtBeginDocument code.
Package caption Info: listings package is loaded.
Package caption Info: End \AtBeginDocument code.
\c@lstlisting=\count382


Package todonotes Warning: The length marginparwidth is less than 2cm and will 
most likely cause issues with the appearance of inserted todonotes. The issue c
an be solved by adding a line like \setlength {\marginparwidth }{2cm} prior to 
loading the todonotes package. on input line 202.

(./VAR_Primer_Slides.nav)
LaTeX Font Info:    Font shape `T1/fos/m/n' will be
(Font)              scaled to size 4.74998pt on input line 202.
LaTeX Font Info:    Font shape `T1/fos/bx/n' in size <16> not available
(Font)              Font shape `T1/fos/b/n' tried instead on input line 210.
LaTeX Font Info:    Font shape `T1/fos/b/n' will be
(Font)              scaled to size 15.19995pt on input line 210.
LaTeX Font Info:    Font shape `T1/fos/m/n' will be
(Font)              scaled to size 6.64998pt on input line 210.
 [1

{/usr/local/texlive/2019/texmf-var/fonts/map/pdftex/updmap/pdftex.map}]
LaTeX Font Info:    Try loading font information for U+msa on input line 236.

(/usr/local/texlive/2019/texmf-dist/tex/latex/amsfonts/umsa.fd
File: umsa.fd 2013/01/14 v3.01 AMS symbols A
)
LaTeX Font Info:    Try loading font information for U+msb on input line 236.

(/usr/local/texlive/2019/texmf-dist/tex/latex/amsfonts/umsb.fd
File: umsb.fd 2013/01/14 v3.01 AMS symbols B
)
LaTeX Font Info:    Font shape `T1/fos/m/it' will be
(Font)              scaled to size 9.49997pt on input line 236.
LaTeX Font Info:    Font shape `T1/fos/m/it' will be
(Font)              scaled to size 6.64998pt on input line 236.
LaTeX Font Info:    Font shape `T1/fos/m/it' will be
(Font)              scaled to size 4.74998pt on input line 236.
LaTeX Font Info:    Font shape `T1/fos/bx/it' in size <10> not available
(Font)              Font shape `T1/fos/b/it' tried instead on input line 236.
LaTeX Font Info:    Font shape `T1/fos/b/it' will be
(Font)              scaled to size 9.49997pt on input line 236.
LaTeX Font Info:    Font shape `T1/fos/bx/it' in size <7> not available
(Font)              Font shape `T1/fos/b/it' tried instead on input line 236.
LaTeX Font Info:    Font shape `T1/fos/b/it' will be
(Font)              scaled to size 6.64998pt on input line 236.
LaTeX Font Info:    Font shape `T1/fos/bx/it' in size <5> not available
(Font)              Font shape `T1/fos/b/it' tried instead on input line 236.
LaTeX Font Info:    Font shape `T1/fos/b/it' will be
(Font)              scaled to size 4.74998pt on input line 236.
LaTeX Font Info:    Font shape `T1/fos/bx/n' in size <10> not available
(Font)              Font shape `T1/fos/b/n' tried instead on input line 236.
LaTeX Font Info:    Font shape `T1/fos/b/n' will be
(Font)              scaled to size 9.49997pt on input line 236.
LaTeX Font Info:    Try loading font information for T1+cmtt on input line 236.


(/usr/local/texlive/2019/texmf-dist/tex/latex/base/t1cmtt.fd
File: t1cmtt.fd 2014/09/29 v2.5h Standard LaTeX font definitions
)
LaTeX Font Info:    Font shape `T1/fos/m/n' will be
(Font)              scaled to size 3.79999pt on input line 236.
 [2

]
LaTeX Font Info:    Font shape `T1/fos/m/n' will be
(Font)              scaled to size 8.54997pt on input line 267.
LaTeX Font Info:    Font shape `T1/fos/m/n' will be
(Font)              scaled to size 5.69998pt on input line 267.
LaTeX Font Info:    Font shape `T1/fos/m/n' will be
(Font)              scaled to size 7.59998pt on input line 267.
LaTeX Font Info:    Font shape `T1/fos/bx/n' in size <8> not available
(Font)              Font shape `T1/fos/b/n' tried instead on input line 267.
LaTeX Font Info:    Font shape `T1/fos/b/n' will be
(Font)              scaled to size 7.59998pt on input line 267.
LaTeX Font Info:    Try loading font information for T1+augie on input line 267
.

(/usr/local/texlive/2019/texmf-dist/tex/latex/augie/t1augie.fd
File: t1augie.fd 2000/10/19 Fontinst v1.914 font definitions for T1/augie.
)

LaTeX Font Warning: Font shape `T1/augie/b/n' undefined
(Font)              using `T1/augie/m/n' instead on input line 267.

LaTeX Font Info:    Font shape `T1/fos/bx/n' in size <14> not available
(Font)              Font shape `T1/fos/b/n' tried instead on input line 267.
LaTeX Font Info:    Font shape `T1/fos/b/n' will be
(Font)              scaled to size 13.29996pt on input line 267.

Overfull \hbox (2.84544pt too wide) detected at line 267
 [] 
 []

[3

]
Overfull \hbox (2.84544pt too wide) detected at line 267
 [] 
 []

[4

]
Overfull \hbox (2.84544pt too wide) detected at line 293
 [] 
 []

[5

]
Overfull \hbox (2.84544pt too wide) detected at line 293
 [] 
 []

[6

]
LaTeX Font Info:    Font shape `T1/fos/m/n' will be
(Font)              scaled to size 19.70294pt on input line 301.
LaTeX Font Info:    Font shape `T1/fos/bx/n' in size <20.74> not available
(Font)              Font shape `T1/fos/b/n' tried instead on input line 301.
LaTeX Font Info:    Font shape `T1/fos/b/n' will be
(Font)              scaled to size 19.70294pt on input line 301.
 [7

]
LaTeX Font Info:    Font shape `T1/fos/m/it' will be
(Font)              scaled to size 8.54997pt on input line 364.
LaTeX Font Info:    Font shape `T1/fos/m/it' will be
(Font)              scaled to size 5.69998pt on input line 364.
LaTeX Font Info:    Font shape `T1/fos/bx/it' in size <9> not available
(Font)              Font shape `T1/fos/b/it' tried instead on input line 364.
LaTeX Font Info:    Font shape `T1/fos/b/it' will be
(Font)              scaled to size 8.54997pt on input line 364.
LaTeX Font Info:    Font shape `T1/fos/bx/it' in size <6> not available
(Font)              Font shape `T1/fos/b/it' tried instead on input line 364.
LaTeX Font Info:    Font shape `T1/fos/b/it' will be
(Font)              scaled to size 5.69998pt on input line 364.

Overfull \hbox (2.84544pt too wide) detected at line 364
 [] 
 []

[8

]
Overfull \hbox (2.84544pt too wide) detected at line 364
 [] 
 []

[9

]
Overfull \hbox (2.84544pt too wide) detected at line 364
 [] 
 []

[10

]
Overfull \hbox (2.84544pt too wide) detected at line 419
 [] 
 []

[11

]
Overfull \hbox (2.84544pt too wide) detected at line 419
 [] 
 []

[12

]
Overfull \hbox (2.84544pt too wide) detected at line 419
 [] 
 []

[13

]
Overfull \hbox (2.84544pt too wide) detected at line 454
 [] 
 []

[14

]
Overfull \hbox (2.84544pt too wide) detected at line 454
 [] 
 []

[15

]
Overfull \hbox (2.84544pt too wide) detected at line 509
 [] 
 []

[16

]
Overfull \hbox (2.84544pt too wide) detected at line 574
 [] 
 []

[17

]
Overfull \hbox (2.84544pt too wide) detected at line 574
 [] 
 []

[18

]
Overfull \hbox (2.84544pt too wide) detected at line 574
 [] 
 []

[19

]
Overfull \hbox (2.84544pt too wide) detected at line 574
 [] 
 []

[20

]
Overfull \hbox (2.84544pt too wide) detected at line 574
 [] 
 []

[21

]
Overfull \hbox (2.84544pt too wide) detected at line 646
 [] 
 []

[22

]
Overfull \hbox (2.84544pt too wide) detected at line 646
 [] 
 []

[23

]
Overfull \hbox (2.84544pt too wide) detected at line 646
 [] 
 []

[24

]
Overfull \hbox (2.84544pt too wide) detected at line 698
 [] 
 []

[25

]
Overfull \hbox (2.84544pt too wide) detected at line 698
 [] 
 []

[26

]
Overfull \hbox (2.84544pt too wide) detected at line 739
 [] 
 []

[27

]
Overfull \hbox (2.84544pt too wide) detected at line 739
 [] 
 []

[28

]
Overfull \hbox (2.84544pt too wide) detected at line 780
 [] 
 []

[29

]
Overfull \hbox (2.84544pt too wide) detected at line 780
 [] 
 []

[30

]
Overfull \hbox (2.84544pt too wide) detected at line 819
 [] 
 []

[31

]
Overfull \hbox (2.84544pt too wide) detected at line 819
 [] 
 []

[32

]
Overfull \hbox (2.84544pt too wide) detected at line 819
 [] 
 []

[33

]
Overfull \hbox (2.84544pt too wide) detected at line 819
 [] 
 []

[34

]
Overfull \hbox (2.84544pt too wide) detected at line 865
 [] 
 []

[35

]
Overfull \hbox (2.84544pt too wide) detected at line 865
 [] 
 []

[36

]
Overfull \hbox (2.84544pt too wide) detected at line 865
 [] 
 []

[37

]
Overfull \hbox (2.84544pt too wide) detected at line 865
 [] 
 []

[38

]
Overfull \hbox (2.84544pt too wide) detected at line 865
 [] 
 []

[39

]
Overfull \hbox (2.84544pt too wide) detected at line 906
 [] 
 []

[40

]
Overfull \hbox (2.84544pt too wide) detected at line 906
 [] 
 []

[41

]
Overfull \hbox (2.84544pt too wide) detected at line 906
 [] 
 []

[42

]
Overfull \hbox (2.84544pt too wide) detected at line 906
 [] 
 []

[43

]
Overfull \hbox (2.84544pt too wide) detected at line 947
 [] 
 []


Overfull \vbox (11.48134pt too high) detected at line 947
 []

[44

]
Overfull \hbox (2.84544pt too wide) detected at line 947
 [] 
 []


Overfull \vbox (11.48134pt too high) detected at line 947
 []

[45

]
Overfull \hbox (2.84544pt too wide) detected at line 947
 [] 
 []


Overfull \vbox (11.48134pt too high) detected at line 947
 []

[46

]
Overfull \hbox (2.84544pt too wide) detected at line 947
 [] 
 []


Overfull \vbox (11.48134pt too high) detected at line 947
 []

[47

]
Overfull \hbox (2.84544pt too wide) detected at line 979
 [] 
 []

[48

]
Overfull \hbox (2.84544pt too wide) detected at line 979
 [] 
 []

[49

]
Overfull \hbox (2.84544pt too wide) detected at line 979
 [] 
 []

[50

] [51

]
Overfull \hbox (2.84544pt too wide) detected at line 1031
 [] 
 []

[52

]
Overfull \hbox (2.84544pt too wide) detected at line 1031
 [] 
 []

[53

]
Overfull \hbox (2.84544pt too wide) detected at line 1031
 [] 
 []

[54

]
Overfull \hbox (2.84544pt too wide) detected at line 1087
 [] 
 []

[55

]
Overfull \hbox (2.84544pt too wide) detected at line 1087
 [] 
 []

[56

]
Overfull \hbox (2.84544pt too wide) detected at line 1087
 [] 
 []

[57

]
LaTeX Font Info:    Font shape `T1/fos/bx/n' in size <9> not available
(Font)              Font shape `T1/fos/b/n' tried instead on input line 1151.
LaTeX Font Info:    Font shape `T1/fos/b/n' will be
(Font)              scaled to size 8.54997pt on input line 1151.
LaTeX Font Info:    Font shape `T1/fos/bx/n' in size <6> not available
(Font)              Font shape `T1/fos/b/n' tried instead on input line 1151.
LaTeX Font Info:    Font shape `T1/fos/b/n' will be
(Font)              scaled to size 5.69998pt on input line 1151.

Overfull \hbox (2.84544pt too wide) detected at line 1151
 [] 
 []

[58

]
Overfull \hbox (2.84544pt too wide) detected at line 1151
 [] 
 []

[59

]
Overfull \hbox (2.84544pt too wide) detected at line 1185
 [] 
 []

[60

]
Overfull \hbox (2.84544pt too wide) detected at line 1185
 [] 
 []

[61

]
Overfull \hbox (2.84544pt too wide) detected at line 1185
 [] 
 []

[62

]
Overfull \hbox (2.84544pt too wide) detected at line 1232
 [] 
 []

[63

]
Overfull \hbox (2.84544pt too wide) detected at line 1232
 [] 
 []

[64

]
Overfull \hbox (2.84544pt too wide) detected at line 1264
 [] 
 []

[65

]
Overfull \hbox (2.84544pt too wide) detected at line 1264
 [] 
 []

[66

]
Overfull \hbox (2.84544pt too wide) detected at line 1264
 [] 
 []

[67

]
Overfull \hbox (2.84544pt too wide) detected at line 1264
 [] 
 []

[68

] [69

]
Overfull \hbox (2.84544pt too wide) detected at line 1293
 [] 
 []

[70

]
LaTeX Font Info:    Font shape `T1/fos/m/n' will be
(Font)              scaled to size 13.67995pt on input line 1304.
LaTeX Font Info:    Font shape `T1/fos/bx/n' in size <14.4> not available
(Font)              Font shape `T1/fos/b/n' tried instead on input line 1304.
LaTeX Font Info:    Font shape `T1/fos/b/n' will be
(Font)              scaled to size 13.67995pt on input line 1304.
 [71

]
Overfull \hbox (2.84544pt too wide) detected at line 1324
 [] 
 []

[72

]
Overfull \hbox (2.84544pt too wide) detected at line 1324
 [] 
 []

[73

]
Overfull \hbox (2.84544pt too wide) detected at line 1324
 [] 
 []

[74

]
Overfull \hbox (2.84544pt too wide) detected at line 1371
 [] 
 []

[75

]
Overfull \hbox (2.84544pt too wide) detected at line 1371
 [] 
 []

[76

]
Overfull \hbox (2.84544pt too wide) detected at line 1371
 [] 
 []

[77

]
Overfull \hbox (2.84544pt too wide) detected at line 1427
 [] 
 []

[78

]
Overfull \hbox (2.84544pt too wide) detected at line 1427
 [] 
 []

[79

]
Overfull \hbox (2.84544pt too wide) detected at line 1427
 [] 
 []

[80

]
Overfull \hbox (2.84544pt too wide) detected at line 1492
 [] 
 []

[81

]
Overfull \hbox (2.84544pt too wide) detected at line 1492
 [] 
 []

[82

]
Overfull \hbox (2.84544pt too wide) detected at line 1492
 [] 
 []

[83

]
Overfull \hbox (2.84544pt too wide) detected at line 1532
 [] 
 []

[84

]
Overfull \hbox (2.84544pt too wide) detected at line 1532
 [] 
 []

[85

]
Overfull \hbox (2.84544pt too wide) detected at line 1570
 [] 
 []

[86

]
Overfull \hbox (2.84544pt too wide) detected at line 1597
 [] 
 []

[87

]
Overfull \hbox (2.84544pt too wide) detected at line 1597
 [] 
 []

[88

]
Overfull \hbox (2.84544pt too wide) detected at line 1597
 [] 
 []

[89

] [90

]
Overfull \hbox (2.84544pt too wide) detected at line 1629
 [] 
 []

[91

]
Overfull \hbox (2.84544pt too wide) detected at line 1629
 [] 
 []

[92

]
Overfull \hbox (2.84544pt too wide) detected at line 1629
 [] 
 []

[93

]
Overfull \hbox (2.84544pt too wide) detected at line 1675
 [] 
 []

[94

]
Overfull \hbox (2.84544pt too wide) detected at line 1675
 [] 
 []

[95

]
Overfull \hbox (2.84544pt too wide) detected at line 1675
 [] 
 []

[96

]
Overfull \hbox (2.84544pt too wide) detected at line 1675
 [] 
 []

[97

]
Overfull \hbox (2.84544pt too wide) detected at line 1675
 [] 
 []

[98

]
Overfull \hbox (2.84544pt too wide) detected at line 1675
 [] 
 []

[99

]
Overfull \hbox (2.84544pt too wide) detected at line 1720
 [] 
 []

[100

]
Overfull \hbox (2.84544pt too wide) detected at line 1720
 [] 
 []

[101

]
Overfull \hbox (2.84544pt too wide) detected at line 1758
 [] 
 []

[102

]
Overfull \hbox (2.84544pt too wide) detected at line 1758
 [] 
 []

[103

]
Overfull \hbox (2.84544pt too wide) detected at line 1758
 [] 
 []

[104

]
Overfull \hbox (2.84544pt too wide) detected at line 1758
 [] 
 []

[105

]
Overfull \hbox (2.84544pt too wide) detected at line 1758
 [] 
 []

[106

] [107

]
Overfull \hbox (2.84544pt too wide) detected at line 1807
 [] 
 []

[108

]
Overfull \hbox (2.84544pt too wide) detected at line 1807
 [] 
 []

[109

]
Overfull \hbox (2.84544pt too wide) detected at line 1807
 [] 
 []

[110

]
Overfull \hbox (2.84544pt too wide) detected at line 1847
 [] 
 []

[111

]
Overfull \hbox (2.84544pt too wide) detected at line 1847
 [] 
 []

[112

]
Overfull \hbox (2.84544pt too wide) detected at line 1847
 [] 
 []

[113

]
Overfull \hbox (2.84544pt too wide) detected at line 1847
 [] 
 []

[114

]
Overfull \hbox (2.84544pt too wide) detected at line 1878
 [] 
 []

[115

]
Overfull \hbox (2.84544pt too wide) detected at line 1935
 [] 
 []

[116

]
Overfull \hbox (2.84544pt too wide) detected at line 1935
 [] 
 []

[117

]
Overfull \hbox (2.84544pt too wide) detected at line 1935
 [] 
 []

[118

]
Overfull \hbox (2.84544pt too wide) detected at line 1935
 [] 
 []

[119

]
LaTeX Font Info:    Font shape `T1/fos/m/it' will be
(Font)              scaled to size 7.59998pt on input line 1973.
LaTeX Font Info:    Font shape `T1/fos/bx/it' in size <8> not available
(Font)              Font shape `T1/fos/b/it' tried instead on input line 1973.
LaTeX Font Info:    Font shape `T1/fos/b/it' will be
(Font)              scaled to size 7.59998pt on input line 1973.

Overfull \hbox (2.84544pt too wide) detected at line 1973
 [] 
 []

[120

]
Overfull \hbox (2.84544pt too wide) detected at line 1973
 [] 
 []

[121

] [122

]
Overfull \hbox (2.84544pt too wide) detected at line 2006
 [] 
 []

[123

]
Overfull \hbox (2.84544pt too wide) detected at line 2006
 [] 
 []

[124

]
Overfull \hbox (2.84544pt too wide) detected at line 2006
 [] 
 []

[125

]
Overfull \hbox (2.84544pt too wide) detected at line 2056
 [] 
 []

[126

]
Overfull \hbox (2.84544pt too wide) detected at line 2056
 [] 
 []

[127

]
Overfull \hbox (2.84544pt too wide) detected at line 2056
 [] 
 []

[128

]
Overfull \hbox (2.84544pt too wide) detected at line 2087
 [] 
 []

[129

]
Overfull \hbox (2.84544pt too wide) detected at line 2087
 [] 
 []

[130

]
Overfull \hbox (2.84544pt too wide) detected at line 2119
 [] 
 []

[131

]
Overfull \hbox (2.84544pt too wide) detected at line 2119
 [] 
 []

[132

]
Overfull \hbox (2.84544pt too wide) detected at line 2119
 [] 
 []

[133

]
Overfull \hbox (2.84544pt too wide) detected at line 2119
 [] 
 []

[134

] [135

]
Overfull \hbox (2.84544pt too wide) detected at line 2164
 [] 
 []

[136

]
Overfull \hbox (2.84544pt too wide) detected at line 2164
 [] 
 []

[137

] [138

]
Overfull \hbox (2.84544pt too wide) detected at line 2196
 [] 
 []

[139

]
Overfull \hbox (2.84544pt too wide) detected at line 2196
 [] 
 []

[140

]
Overfull \hbox (2.84544pt too wide) detected at line 2252
 [] 
 []

[141

]
Overfull \hbox (2.84544pt too wide) detected at line 2317
 [] 
 []

[142

]
Overfull \hbox (2.84544pt too wide) detected at line 2414
 [] 
 []


Overfull \vbox (12.45956pt too high) detected at line 2414
 []

[143

]
Overfull \hbox (2.84544pt too wide) detected at line 2414
 [] 
 []


Overfull \vbox (12.45956pt too high) detected at line 2414
 []

[144

] [145

]
Overfull \hbox (2.84544pt too wide) detected at line 2448
 [] 
 []

[146

]
Overfull \hbox (2.84544pt too wide) detected at line 2448
 [] 
 []

[147

]
Overfull \hbox (2.84544pt too wide) detected at line 2482
 [] 
 []

[148

]
Overfull \hbox (2.84544pt too wide) detected at line 2511
 [] 
 []

[149

]
Overfull \hbox (2.84544pt too wide) detected at line 2561
 [] 
 []

[150

] [151

]
Overfull \hbox (2.84544pt too wide) detected at line 2593
 [] 
 []

[152

]
Overfull \hbox (2.84544pt too wide) detected at line 2593
 [] 
 []

[153

]
Overfull \hbox (2.84544pt too wide) detected at line 2652
 [] 
 []

[154

]
Overfull \hbox (2.84544pt too wide) detected at line 2652
 [] 
 []

[155

]
Overfull \hbox (2.84544pt too wide) detected at line 2652
 [] 
 []

[156

]
Overfull \hbox (2.84544pt too wide) detected at line 2698
 [] 
 []

[157

]
Overfull \hbox (2.84544pt too wide) detected at line 2698
 [] 
 []

[158

] [159

]
Overfull \hbox (2.84544pt too wide) detected at line 2745
 [] 
 []

[160

]
Overfull \hbox (2.84544pt too wide) detected at line 2770
 [] 
 []

[161

]

pdfTeX warning: /Library/TeX/texbin/pdflatex (file ./v3dot0/Primer/graphics/BIV
_DATA.pdf): PDF inclusion: found PDF version <1.7>, but at most version <1.5> a
llowed
<./v3dot0/Primer/graphics/BIV_DATA.pdf, id=1959, 591.20876pt x 164.615pt>
File: ./v3dot0/Primer/graphics/BIV_DATA.pdf Graphic file (type pdf)
<use ./v3dot0/Primer/graphics/BIV_DATA.pdf>
Package pdftex.def Info: ./v3dot0/Primer/graphics/BIV_DATA.pdf  used on input l
ine 2788.
(pdftex.def)             Requested size: 374.86774pt x 104.37865pt.

Overfull \hbox (2.84544pt too wide) detected at line 2788
 [] 
 []

[162

 <./v3dot0/Primer/graphics/BIV_DATA.pdf>]
Overfull \hbox (2.84544pt too wide) detected at line 2855
 [] 
 []

[163

]
Overfull \hbox (2.84544pt too wide) detected at line 2888
 [] 
 []

[164

]
Overfull \hbox (2.84544pt too wide) detected at line 2974
 [] 
 []

[165

]
Overfull \hbox (2.84544pt too wide) detected at line 2974
 [] 
 []

[166

]
Overfull \hbox (2.84544pt too wide) detected at line 2974
 [] 
 []

[167

]
Overfull \hbox (2.84544pt too wide) detected at line 3000
 [] 
 []

[168

]
Overfull \hbox (2.84544pt too wide) detected at line 3000
 [] 
 []

[169

]
Overfull \hbox (2.84544pt too wide) detected at line 3000
 [] 
 []

[170

]
Overfull \hbox (2.84544pt too wide) detected at line 3074
 [] 
 []

[171

]
Overfull \hbox (2.84544pt too wide) detected at line 3123
 [] 
 []

[172

] [173

]

pdfTeX warning: /Library/TeX/texbin/pdflatex (file ./v3dot0/Primer/graphics/SW_
DATA.pdf): PDF inclusion: found PDF version <1.7>, but at most version <1.5> al
lowed
<./v3dot0/Primer/graphics/SW_DATA.pdf, id=2103, 592.2125pt x 164.615pt>
File: ./v3dot0/Primer/graphics/SW_DATA.pdf Graphic file (type pdf)
<use ./v3dot0/Primer/graphics/SW_DATA.pdf>
Package pdftex.def Info: ./v3dot0/Primer/graphics/SW_DATA.pdf  used on input li
ne 3152.
(pdftex.def)             Requested size: 374.86774pt x 104.20282pt.

Overfull \hbox (2.84544pt too wide) detected at line 3152
 [] 
 []

[174

 <./v3dot0/Primer/graphics/SW_DATA.pdf>]
Overfull \hbox (2.84544pt too wide) detected at line 3195
 [] 
 []

[175

]
Overfull \hbox (2.84544pt too wide) detected at line 3195
 [] 
 []

[176

]
Overfull \hbox (2.84544pt too wide) detected at line 3195
 [] 
 []

[177

]
Overfull \hbox (2.84544pt too wide) detected at line 3240
 [] 
 []

[178

]

pdfTeX warning: /Library/TeX/texbin/pdflatex (file ./v3dot0/Primer/graphics/SW_
IR_3.pdf): PDF inclusion: found PDF version <1.7>, but at most version <1.5> al
lowed
<./v3dot0/Primer/graphics/SW_IR_3.pdf, id=2169, 602.25pt x 306.14375pt>
File: ./v3dot0/Primer/graphics/SW_IR_3.pdf Graphic file (type pdf)
<use ./v3dot0/Primer/graphics/SW_IR_3.pdf>
Package pdftex.def Info: ./v3dot0/Primer/graphics/SW_IR_3.pdf  used on input li
ne 3255.
(pdftex.def)             Requested size: 330.76328pt x 168.146pt.

Overfull \hbox (2.84544pt too wide) detected at line 3255
 [] 
 []

[179

 <./v3dot0/Primer/graphics/SW_IR_3.pdf>]
Overfull \hbox (2.84544pt too wide) detected at line 3279
 [] 
 []

[180

]
Overfull \hbox (2.84544pt too wide) detected at line 3279
 [] 
 []

[181

]
Overfull \hbox (2.84544pt too wide) detected at line 3279
 [] 
 []

[182

]

pdfTeX warning: /Library/TeX/texbin/pdflatex (file ./v3dot0/Primer/graphics/SW_
IR_1.pdf): PDF inclusion: found PDF version <1.7>, but at most version <1.5> al
lowed
<./v3dot0/Primer/graphics/SW_IR_1.pdf, id=2223, 602.25pt x 306.14375pt>
File: ./v3dot0/Primer/graphics/SW_IR_1.pdf Graphic file (type pdf)
<use ./v3dot0/Primer/graphics/SW_IR_1.pdf>
Package pdftex.def Info: ./v3dot0/Primer/graphics/SW_IR_1.pdf  used on input li
ne 3295.
(pdftex.def)             Requested size: 330.76328pt x 168.146pt.

Overfull \hbox (2.84544pt too wide) detected at line 3295
 [] 
 []

[183

 <./v3dot0/Primer/graphics/SW_IR_1.pdf>]

pdfTeX warning: /Library/TeX/texbin/pdflatex (file ./v3dot0/Primer/graphics/SW_
IR_2.pdf): PDF inclusion: found PDF version <1.7>, but at most version <1.5> al
lowed
<./v3dot0/Primer/graphics/SW_IR_2.pdf, id=2244, 602.25pt x 306.14375pt>
File: ./v3dot0/Primer/graphics/SW_IR_2.pdf Graphic file (type pdf)
<use ./v3dot0/Primer/graphics/SW_IR_2.pdf>
Package pdftex.def Info: ./v3dot0/Primer/graphics/SW_IR_2.pdf  used on input li
ne 3311.
(pdftex.def)             Requested size: 330.76328pt x 168.146pt.

Overfull \hbox (2.84544pt too wide) detected at line 3311
 [] 
 []

[184

 <./v3dot0/Primer/graphics/SW_IR_2.pdf>]
Overfull \hbox (2.84544pt too wide) detected at line 3339
 [] 
 []

[185

]

pdfTeX warning: /Library/TeX/texbin/pdflatex (file ./v3dot0/Primer/graphics/SW_
VD.pdf): PDF inclusion: found PDF version <1.7>, but at most version <1.5> allo
wed
<./v3dot0/Primer/graphics/SW_VD.pdf, id=2275, 597.23125pt x 324.21124pt>
File: ./v3dot0/Primer/graphics/SW_VD.pdf Graphic file (type pdf)
<use ./v3dot0/Primer/graphics/SW_VD.pdf>
Package pdftex.def Info: ./v3dot0/Primer/graphics/SW_VD.pdf  used on input line
 3349.
(pdftex.def)             Requested size: 330.76328pt x 179.55844pt.

Overfull \hbox (2.84544pt too wide) detected at line 3349
 [] 
 []

[186

 <./v3dot0/Primer/graphics/SW_VD.pdf>]

pdfTeX warning: /Library/TeX/texbin/pdflatex (file ./v3dot0/Primer/graphics/SW_
HD_1.pdf): PDF inclusion: found PDF version <1.7>, but at most version <1.5> al
lowed
<./v3dot0/Primer/graphics/SW_HD_1.pdf, id=2295, 591.20876pt x 324.21124pt>
File: ./v3dot0/Primer/graphics/SW_HD_1.pdf Graphic file (type pdf)
<use ./v3dot0/Primer/graphics/SW_HD_1.pdf>
Package pdftex.def Info: ./v3dot0/Primer/graphics/SW_HD_1.pdf  used on input li
ne 3359.
(pdftex.def)             Requested size: 330.76328pt x 181.38885pt.

Overfull \hbox (2.84544pt too wide) detected at line 3359
 [] 
 []

[187

 <./v3dot0/Primer/graphics/SW_HD_1.pdf>]

pdfTeX warning: /Library/TeX/texbin/pdflatex (file ./v3dot0/Primer/graphics/SW_
HD_2.pdf): PDF inclusion: found PDF version <1.7>, but at most version <1.5> al
lowed
<./v3dot0/Primer/graphics/SW_HD_2.pdf, id=2316, 591.20876pt x 324.21124pt>
File: ./v3dot0/Primer/graphics/SW_HD_2.pdf Graphic file (type pdf)
<use ./v3dot0/Primer/graphics/SW_HD_2.pdf>
Package pdftex.def Info: ./v3dot0/Primer/graphics/SW_HD_2.pdf  used on input li
ne 3369.
(pdftex.def)             Requested size: 330.76328pt x 181.38885pt.

Overfull \hbox (2.84544pt too wide) detected at line 3369
 [] 
 []

[188

 <./v3dot0/Primer/graphics/SW_HD_2.pdf>]

pdfTeX warning: /Library/TeX/texbin/pdflatex (file ./v3dot0/Primer/graphics/SW_
HD_3.pdf): PDF inclusion: found PDF version <1.7>, but at most version <1.5> al
lowed
<./v3dot0/Primer/graphics/SW_HD_3.pdf, id=2336, 592.2125pt x 324.21124pt>
File: ./v3dot0/Primer/graphics/SW_HD_3.pdf Graphic file (type pdf)
<use ./v3dot0/Primer/graphics/SW_HD_3.pdf>
Package pdftex.def Info: ./v3dot0/Primer/graphics/SW_HD_3.pdf  used on input li
ne 3379.
(pdftex.def)             Requested size: 330.76328pt x 181.08214pt.

Overfull \hbox (2.84544pt too wide) detected at line 3379
 [] 
 []

[189

 <./v3dot0/Primer/graphics/SW_HD_3.pdf>] [190

]

pdfTeX warning: /Library/TeX/texbin/pdflatex (file ./v3dot0/Primer/graphics/BQ_
DATA.pdf): PDF inclusion: found PDF version <1.7>, but at most version <1.5> al
lowed
<./v3dot0/Primer/graphics/BQ_DATA.pdf, id=2368, 591.20876pt x 164.615pt>
File: ./v3dot0/Primer/graphics/BQ_DATA.pdf Graphic file (type pdf)
<use ./v3dot0/Primer/graphics/BQ_DATA.pdf>
Package pdftex.def Info: ./v3dot0/Primer/graphics/BQ_DATA.pdf  used on input li
ne 3408.
(pdftex.def)             Requested size: 374.86774pt x 104.37865pt.

Overfull \hbox (2.84544pt too wide) detected at line 3408
 [] 
 []

[191

 <./v3dot0/Primer/graphics/BQ_DATA.pdf>]
Overfull \hbox (2.84544pt too wide) detected at line 3447
 [] 
 []

[192

]
Overfull \hbox (2.84544pt too wide) detected at line 3447
 [] 
 []

[193

]
Overfull \hbox (2.84544pt too wide) detected at line 3486
 [] 
 []

[194

]

pdfTeX warning: /Library/TeX/texbin/pdflatex (file ./v3dot0/Primer/graphics/BQ_
IR_1.pdf): PDF inclusion: found PDF version <1.7>, but at most version <1.5> al
lowed
<./v3dot0/Primer/graphics/BQ_IR_1.pdf, id=2422, 603.25375pt x 212.795pt>
File: ./v3dot0/Primer/graphics/BQ_IR_1.pdf Graphic file (type pdf)
<use ./v3dot0/Primer/graphics/BQ_IR_1.pdf>
Package pdftex.def Info: ./v3dot0/Primer/graphics/BQ_IR_1.pdf  used on input li
ne 3501.
(pdftex.def)             Requested size: 352.8155pt x 124.45372pt.

Overfull \hbox (2.84544pt too wide) detected at line 3501
 [] 
 []

[195

 <./v3dot0/Primer/graphics/BQ_IR_1.pdf>]

pdfTeX warning: /Library/TeX/texbin/pdflatex (file ./v3dot0/Primer/graphics/BQ_
IR_2.pdf): PDF inclusion: found PDF version <1.7>, but at most version <1.5> al
lowed
<./v3dot0/Primer/graphics/BQ_IR_2.pdf, id=2442, 603.25375pt x 212.795pt>
File: ./v3dot0/Primer/graphics/BQ_IR_2.pdf Graphic file (type pdf)
<use ./v3dot0/Primer/graphics/BQ_IR_2.pdf>
Package pdftex.def Info: ./v3dot0/Primer/graphics/BQ_IR_2.pdf  used on input li
ne 3516.
(pdftex.def)             Requested size: 352.8155pt x 124.45372pt.

Overfull \hbox (2.84544pt too wide) detected at line 3516
 [] 
 []

[196

 <./v3dot0/Primer/graphics/BQ_IR_2.pdf>]

pdfTeX warning: /Library/TeX/texbin/pdflatex (file ./v3dot0/Primer/graphics/BQ_
Replication.pdf): PDF inclusion: found PDF version <1.7>, but at most version <
1.5> allowed
<./v3dot0/Primer/graphics/BQ_Replication.pdf, id=2462, 603.25375pt x 213.79875p
t>
File: ./v3dot0/Primer/graphics/BQ_Replication.pdf Graphic file (type pdf)
<use ./v3dot0/Primer/graphics/BQ_Replication.pdf>
Package pdftex.def Info: ./v3dot0/Primer/graphics/BQ_Replication.pdf  used on i
nput line 3536.
(pdftex.def)             Requested size: 352.8155pt x 125.04076pt.

Overfull \hbox (2.84544pt too wide) detected at line 3536
 [] 
 []

[197

 <./v3dot0/Primer/graphics/BQ_Replication.pdf>]
File: ./v3dot0/Primer/graphics/BQ_Replication.pdf Graphic file (type pdf)
<use ./v3dot0/Primer/graphics/BQ_Replication.pdf>
Package pdftex.def Info: ./v3dot0/Primer/graphics/BQ_Replication.pdf  used on i
nput line 3536.
(pdftex.def)             Requested size: 352.8155pt x 125.04076pt.

Overfull \hbox (2.84544pt too wide) detected at line 3536
 [] 
 []

[198

] [199

]

pdfTeX warning: /Library/TeX/texbin/pdflatex (file ./v3dot0/Primer/graphics/Uhl
ig_DATA.pdf): PDF inclusion: found PDF version <1.7>, but at most version <1.5>
 allowed
<./v3dot0/Primer/graphics/Uhlig_DATA.pdf, id=2506, 604.2575pt x 446.66875pt>
File: ./v3dot0/Primer/graphics/Uhlig_DATA.pdf Graphic file (type pdf)
<use ./v3dot0/Primer/graphics/Uhlig_DATA.pdf>
Package pdftex.def Info: ./v3dot0/Primer/graphics/Uhlig_DATA.pdf  used on input
 line 3567.
(pdftex.def)             Requested size: 242.56108pt x 179.29817pt.

Overfull \hbox (2.84544pt too wide) detected at line 3567
 [] 
 []

[200

 <./v3dot0/Primer/graphics/Uhlig_DATA.pdf>]
Overfull \hbox (2.84544pt too wide) detected at line 3595
 [] 
 []

[201

]
Overfull \hbox (2.84544pt too wide) detected at line 3595
 [] 
 []

[202

]
Overfull \hbox (2.84544pt too wide) detected at line 3621
 [] 
 []

[203

]
Overfull \hbox (2.84544pt too wide) detected at line 3658
 [] 
 []

[204

]

pdfTeX warning: /Library/TeX/texbin/pdflatex (file ./v3dot0/Primer/graphics/Uhl
ig_Replication_1rot.pdf): PDF inclusion: found PDF version <1.7>, but at most v
ersion <1.5> allowed
<./v3dot0/Primer/graphics/Uhlig_Replication_1rot.pdf, id=2570, 603.25375pt x 30
7.1475pt>
File: ./v3dot0/Primer/graphics/Uhlig_Replication_1rot.pdf Graphic file (type pd
f)
<use ./v3dot0/Primer/graphics/Uhlig_Replication_1rot.pdf>
Package pdftex.def Info: ./v3dot0/Primer/graphics/Uhlig_Replication_1rot.pdf  u
sed on input line 3673.
(pdftex.def)             Requested size: 352.8155pt x 179.63603pt.

Overfull \hbox (2.84544pt too wide) detected at line 3673
 [] 
 []

[205

 <./v3dot0/Primer/graphics/Uhlig_Replication_1rot.pdf>]

pdfTeX warning: /Library/TeX/texbin/pdflatex (file ./v3dot0/Primer/graphics/Uhl
ig_Replication_2rot.pdf): PDF inclusion: found PDF version <1.7>, but at most v
ersion <1.5> allowed
<./v3dot0/Primer/graphics/Uhlig_Replication_2rot.pdf, id=2592, 603.25375pt x 30
7.1475pt>
File: ./v3dot0/Primer/graphics/Uhlig_Replication_2rot.pdf Graphic file (type pd
f)
<use ./v3dot0/Primer/graphics/Uhlig_Replication_2rot.pdf>
Package pdftex.def Info: ./v3dot0/Primer/graphics/Uhlig_Replication_2rot.pdf  u
sed on input line 3687.
(pdftex.def)             Requested size: 352.8155pt x 179.63603pt.

Overfull \hbox (2.84544pt too wide) detected at line 3687
 [] 
 []

[206

 <./v3dot0/Primer/graphics/Uhlig_Replication_2rot.pdf>]

pdfTeX warning: /Library/TeX/texbin/pdflatex (file ./v3dot0/Primer/graphics/Uhl
ig_Replication_500rot.pdf): PDF inclusion: found PDF version <1.7>, but at most
 version <1.5> allowed
<./v3dot0/Primer/graphics/Uhlig_Replication_500rot.pdf, id=2612, 603.25375pt x 
307.1475pt>
File: ./v3dot0/Primer/graphics/Uhlig_Replication_500rot.pdf Graphic file (type 
pdf)
<use ./v3dot0/Primer/graphics/Uhlig_Replication_500rot.pdf>
Package pdftex.def Info: ./v3dot0/Primer/graphics/Uhlig_Replication_500rot.pdf 
 used on input line 3702.
(pdftex.def)             Requested size: 352.8155pt x 179.63603pt.

Overfull \hbox (2.84544pt too wide) detected at line 3702
 [] 
 []

[207

 <./v3dot0/Primer/graphics/Uhlig_Replication_500rot.pdf>]

pdfTeX warning: /Library/TeX/texbin/pdflatex (file ./v3dot0/Primer/graphics/Uhl
ig_Replication.pdf): PDF inclusion: found PDF version <1.7>, but at most versio
n <1.5> allowed
<./v3dot0/Primer/graphics/Uhlig_Replication.pdf, id=2632, 603.25375pt x 307.147
5pt>
File: ./v3dot0/Primer/graphics/Uhlig_Replication.pdf Graphic file (type pdf)
<use ./v3dot0/Primer/graphics/Uhlig_Replication.pdf>
Package pdftex.def Info: ./v3dot0/Primer/graphics/Uhlig_Replication.pdf  used o
n input line 3717.
(pdftex.def)             Requested size: 352.8155pt x 179.63603pt.

Overfull \hbox (2.84544pt too wide) detected at line 3717
 [] 
 []

[208

 <./v3dot0/Primer/graphics/Uhlig_Replication.pdf>] [209

] [210

]
\tf@nav=\write8
\openout8 = `VAR_Primer_Slides.nav'.

\tf@toc=\write9
\openout9 = `VAR_Primer_Slides.toc'.

\tf@snm=\write10
\openout10 = `VAR_Primer_Slides.snm'.

Package atveryend Info: Empty hook `BeforeClearDocument' on input line 3743.
Package atveryend Info: Empty hook `AfterLastShipout' on input line 3743.

(./VAR_Primer_Slides.aux)
Package atveryend Info: Executing hook `AtVeryEndDocument' on input line 3743.
Package atveryend Info: Executing hook `AtEndAfterFileList' on input line 3743.

Package rerunfilecheck Info: File `VAR_Primer_Slides.out' has not changed.
(rerunfilecheck)             Checksum: 84C7B2E621ACE2A59FEEC29A15D34DB1;1321.


LaTeX Font Warning: Some font shapes were not available, defaults substituted.

 ) 
Here is how much of TeX's memory you used:
 79677 strings out of 492616
 1655639 string characters out of 6129481
 928632 words of memory out of 5000000
 82360 multiletter control sequences out of 15000+600000
 688307 words of font info for 204 fonts, out of 8000000 for 9000
 1141 hyphenation exceptions out of 8191
 56i,26n,83p,801b,2062s stack positions out of 5000i,500n,10000p,200000b,80000s
{/usr/local/texlive/2019/texmf-dist/fonts/enc/dvips/cm-super/cm-super-t1.enc}
{/usr/local/texlive/2019/texmf-dist/fonts/enc/dvips/opensans/opensans-03.enc}{/
usr/local/texlive/2019/texmf-dist/fonts/enc/dvips/opensans/opensans-04.enc}{/us
r/local/texlive/2019/texmf-dist/fonts/enc/dvips/opensans/opensans-01.enc}{/usr/
local/texlive/2019/texmf-dist/fonts/enc/dvips/base/8r.enc}</usr/local/texlive/2
019/texmf-dist/fonts/type1/public/opensans/OpenSans-Bold.pfb></usr/local/texliv
e/2019/texmf-dist/fonts/type1/public/opensans/OpenSans-Italic.pfb></usr/local/t
exlive/2019/texmf-dist/fonts/type1/public/opensans/OpenSans-Regular.pfb><</usr/
local/texlive/2019/texmf-dist/fonts/type1/public/augie/augie___.pfb>></usr/loca
l/texlive/2019/texmf-dist/fonts/type1/public/amsfonts/cm/cmbx7.pfb></usr/local/
texlive/2019/texmf-dist/fonts/type1/public/amsfonts/cm/cmex10.pfb></usr/local/t
exlive/2019/texmf-dist/fonts/type1/public/amsfonts/cmextra/cmex9.pfb></usr/loca
l/texlive/2019/texmf-dist/fonts/type1/public/amsfonts/cm/cmmi10.pfb></usr/local
/texlive/2019/texmf-dist/fonts/type1/public/amsfonts/cm/cmmi6.pfb></usr/local/t
exlive/2019/texmf-dist/fonts/type1/public/amsfonts/cm/cmmi7.pfb></usr/local/tex
live/2019/texmf-dist/fonts/type1/public/amsfonts/cm/cmmi9.pfb></usr/local/texli
ve/2019/texmf-dist/fonts/type1/public/amsfonts/cm/cmss10.pfb></usr/local/texliv
e/2019/texmf-dist/fonts/type1/public/amsfonts/cm/cmss8.pfb></usr/local/texlive/
2019/texmf-dist/fonts/type1/public/amsfonts/cm/cmss9.pfb></usr/local/texlive/20
19/texmf-dist/fonts/type1/public/amsfonts/cm/cmsy10.pfb></usr/local/texlive/201
9/texmf-dist/fonts/type1/public/amsfonts/cm/cmsy5.pfb></usr/local/texlive/2019/
texmf-dist/fonts/type1/public/amsfonts/cm/cmsy6.pfb></usr/local/texlive/2019/te
xmf-dist/fonts/type1/public/amsfonts/cm/cmsy7.pfb></usr/local/texlive/2019/texm
f-dist/fonts/type1/public/amsfonts/cm/cmsy9.pfb></usr/local/texlive/2019/texmf-
dist/fonts/type1/public/amsfonts/symbols/msam10.pfb></usr/local/texlive/2019/te
xmf-dist/fonts/type1/public/amsfonts/symbols/msbm10.pfb></usr/local/texlive/201
9/texmf-dist/fonts/type1/public/cm-super/sftt0900.pfb></usr/local/texlive/2019/
texmf-dist/fonts/type1/public/cm-super/sftt1000.pfb></usr/local/texlive/2019/te
xmf-dist/fonts/type1/urw/zapfding/uzdr.pfb>
Output written on VAR_Primer_Slides.pdf (210 pages, 2023112 bytes).
PDF statistics:
 2861 PDF objects out of 2984 (max. 8388607)
 2517 compressed objects within 26 object streams
 440 named destinations out of 1000 (max. 500000)
 381 words of extra memory for PDF output out of 10000 (max. 10000000)

